<!DOCTYPE html PUBLIC "-//W3C//DTD XHTML 1.1//EN" "http://www.w3.org/TR/xhtml11/DTD/xhtml11.dtd">
<html xmlns="http://www.w3.org/1999/xhtml">
<head>
<meta http-equiv="content-type" content="text/html; charset=UTF-8"/>
<title>TestNG Report</title>
<style type="text/css">table {margin-bottom:10px;border-collapse:collapse;empty-cells:show}th,td {border:1px solid #009;padding:.25em .5em}th {vertical-align:bottom}td {vertical-align:top}table a {font-weight:bold}.stripe td {background-color: #E6EBF9}.num {text-align:right}.passedodd td {background-color: #3F3}.passedeven td {background-color: #0A0}.skippedodd td {background-color: #DDD}.skippedeven td {background-color: #CCC}.failedodd td,.attn {background-color: #F33}.failedeven td,.stripe .attn {background-color: #D00}.stacktrace {white-space:pre;font-family:monospace}.totop {font-size:85%;text-align:center;border-bottom:2px solid #000}.invisible {display:none}</style>
</head>
<body>
<table>
<tr><th>Test</th><th># Passed</th><th># Skipped</th><th># Retried</th><th># Failed</th><th>Time (ms)</th><th>Included Groups</th><th>Excluded Groups</th></tr>
<tr><th colspan="8">InboundTesting</th></tr>
<tr><td><a href="#t0">perfectMatch</a></td><td class="num">9</td><td class="num">0</td><td class="num attn">27</td><td class="num attn">9</td><td class="num">145,216</td><td></td><td></td></tr>
</table>
<table id='summary'><thead><tr><th>Class</th><th>Method</th><th>Start</th><th>Time (ms)</th></tr></thead><tbody><tr><th colspan="4">InboundTesting</th></tr></tbody><tbody id="t0"><tr><th colspan="4">perfectMatch &#8212; failed</th></tr><tr class="failedeven"><td rowspan="9">Inbound_Testing.InboundTesting</td><td><a href="#m0">C11_BankFee</a></td><td rowspan="1">1619685433863</td><td rowspan="1">3144</td></tr><tr class="failedeven"><td><a href="#m1">C11_Deduction</a></td><td rowspan="1">1619685446530</td><td rowspan="1">2369</td></tr><tr class="failedeven"><td><a href="#m2">C11_Discount</a></td><td rowspan="1">1619685457597</td><td rowspan="1">3873</td></tr><tr class="failedeven"><td><a href="#m3">C11_Sundry</a></td><td rowspan="1">1619685497194</td><td rowspan="1">4082</td></tr><tr class="failedeven"><td><a href="#m4">C11_Writeoff</a></td><td rowspan="1">1619685510683</td><td rowspan="1">4470</td></tr><tr class="failedeven"><td><a href="#m5">P10_OnAccount</a></td><td rowspan="1">1619685534156</td><td rowspan="1">1866</td></tr><tr class="failedeven"><td><a href="#m6">P10_OverPayment</a></td><td rowspan="1">1619685545713</td><td rowspan="1">2812</td></tr><tr class="failedeven"><td><a href="#m7">P10_PerfectMatch</a></td><td rowspan="1">1619685554982</td><td rowspan="1">2337</td></tr><tr class="failedeven"><td><a href="#m8">P10_ShortPayment</a></td><td rowspan="1">1619685558472</td><td rowspan="1">4</td></tr><tr><th colspan="4">perfectMatch &#8212; retried</th></tr><tr class="retriedeven"><td rowspan="27">Inbound_Testing.InboundTesting</td><td><a href="#m9">C11_BankFee</a></td><td rowspan="3">1619685420167</td><td rowspan="3">8408</td></tr><tr class="retriedeven"><td><a href="#m10">C11_BankFee</a></td></tr><tr class="retriedeven"><td><a href="#m11">C11_BankFee</a></td></tr><tr class="retriedeven"><td><a href="#m12">C11_Deduction</a></td><td rowspan="3">1619685440857</td><td rowspan="3">2336</td></tr><tr class="retriedeven"><td><a href="#m13">C11_Deduction</a></td></tr><tr class="retriedeven"><td><a href="#m14">C11_Deduction</a></td></tr><tr class="retriedeven"><td><a href="#m15">C11_Discount</a></td><td rowspan="3">1619685451250</td><td rowspan="3">2986</td></tr><tr class="retriedeven"><td><a href="#m16">C11_Discount</a></td></tr><tr class="retriedeven"><td><a href="#m17">C11_Discount</a></td></tr><tr class="retriedeven"><td><a href="#m18">C11_Sundry</a></td><td rowspan="3">1619685494383</td><td rowspan="3">2811</td></tr><tr class="retriedeven"><td><a href="#m19">C11_Sundry</a></td></tr><tr class="retriedeven"><td><a href="#m20">C11_Sundry</a></td></tr><tr class="retriedeven"><td><a href="#m21">C11_Writeoff</a></td><td rowspan="3">1619685506933</td><td rowspan="3">3750</td></tr><tr class="retriedeven"><td><a href="#m22">C11_Writeoff</a></td></tr><tr class="retriedeven"><td><a href="#m23">C11_Writeoff</a></td></tr><tr class="retriedeven"><td><a href="#m24">P10_OnAccount</a></td><td rowspan="3">1619685529634</td><td rowspan="3">2246</td></tr><tr class="retriedeven"><td><a href="#m25">P10_OnAccount</a></td></tr><tr class="retriedeven"><td><a href="#m26">P10_OnAccount</a></td></tr><tr class="retriedeven"><td><a href="#m27">P10_OverPayment</a></td><td rowspan="3">1619685536023</td><td rowspan="3">4108</td></tr><tr class="retriedeven"><td><a href="#m28">P10_OverPayment</a></td></tr><tr class="retriedeven"><td><a href="#m29">P10_OverPayment</a></td></tr><tr class="retriedeven"><td><a href="#m30">P10_PerfectMatch</a></td><td rowspan="3">1619685551447</td><td rowspan="3">1767</td></tr><tr class="retriedeven"><td><a href="#m31">P10_PerfectMatch</a></td></tr><tr class="retriedeven"><td><a href="#m32">P10_PerfectMatch</a></td></tr><tr class="retriedeven"><td><a href="#m33">P10_ShortPayment</a></td><td rowspan="3">1619685558467</td><td rowspan="3">5</td></tr><tr class="retriedeven"><td><a href="#m34">P10_ShortPayment</a></td></tr><tr class="retriedeven"><td><a href="#m35">P10_ShortPayment</a></td></tr><tr><th colspan="4">perfectMatch &#8212; passed</th></tr><tr class="passedeven"><td rowspan="9">Inbound_Testing.InboundTesting</td><td><a href="#m36">C11_OnAccount</a></td><td rowspan="1">1619685461471</td><td rowspan="1">10047</td></tr><tr class="passedeven"><td><a href="#m37">C11_OverPayment</a></td><td rowspan="1">1619685471518</td><td rowspan="1">3055</td></tr><tr class="passedeven"><td><a href="#m38">C11_PerfectMatch</a></td><td rowspan="1">1619685474573</td><td rowspan="1">10954</td></tr><tr class="passedeven"><td><a href="#m39">C11_ShortPayment</a></td><td rowspan="1">1619685485527</td><td rowspan="1">3784</td></tr><tr class="passedeven"><td><a href="#m40">P10_BankFee</a></td><td rowspan="1">1619685515154</td><td rowspan="1">3521</td></tr><tr class="passedeven"><td><a href="#m41">P10_Deduction</a></td><td rowspan="1">1619685518676</td><td rowspan="1">3900</td></tr><tr class="passedeven"><td><a href="#m42">P10_Discount</a></td><td rowspan="1">1619685522577</td><td rowspan="1">4223</td></tr><tr class="passedeven"><td><a href="#m43">P10_Sundry</a></td><td rowspan="1">1619685558476</td><td rowspan="1">4346</td></tr><tr class="passedeven"><td><a href="#m44">P10_WriteOff</a></td><td rowspan="1">1619685562828</td><td rowspan="1">2518</td></tr></tbody>
</table>
<h2>perfectMatch</h2><h3 id="m0">Inbound_Testing.InboundTesting#C11_BankFee</h3><table class="result"><tr><th>Exception</th></tr><tr><td><div class="stacktrace">java.lang.AssertionError: expected [200] but found [502]
	at com.simple.restassured.Assertions.VerifyStatusCode(Assertions.java:31)
	at Inbound_Testing.InboundTesting.C11_BankFee(InboundTesting.java:276)
	at java.util.concurrent.ThreadPoolExecutor.runWorker(ThreadPoolExecutor.java:1149)
	at java.util.concurrent.ThreadPoolExecutor$Worker.run(ThreadPoolExecutor.java:624)
	at java.lang.Thread.run(Thread.java:748)
... Removed 17 stack frames</div></td></tr></table><p class="totop"><a href="#summary">back to summary</a></p>
<h3 id="m1">Inbound_Testing.InboundTesting#C11_Deduction</h3><table class="result"><tr><th>Exception</th></tr><tr><td><div class="stacktrace">java.lang.AssertionError: expected [200] but found [502]
	at com.simple.restassured.Assertions.VerifyStatusCode(Assertions.java:31)
	at Inbound_Testing.InboundTesting.C11_Deduction(InboundTesting.java:294)
	at java.util.concurrent.ThreadPoolExecutor.runWorker(ThreadPoolExecutor.java:1149)
	at java.util.concurrent.ThreadPoolExecutor$Worker.run(ThreadPoolExecutor.java:624)
	at java.lang.Thread.run(Thread.java:748)
... Removed 17 stack frames</div></td></tr></table><p class="totop"><a href="#summary">back to summary</a></p>
<h3 id="m2">Inbound_Testing.InboundTesting#C11_Discount</h3><table class="result"><tr><th>Exception</th></tr><tr><td><div class="stacktrace">java.lang.AssertionError: expected [200] but found [502]
	at com.simple.restassured.Assertions.VerifyStatusCode(Assertions.java:31)
	at Inbound_Testing.InboundTesting.C11_Discount(InboundTesting.java:312)
	at java.util.concurrent.ThreadPoolExecutor.runWorker(ThreadPoolExecutor.java:1149)
	at java.util.concurrent.ThreadPoolExecutor$Worker.run(ThreadPoolExecutor.java:624)
	at java.lang.Thread.run(Thread.java:748)
... Removed 17 stack frames</div></td></tr></table><p class="totop"><a href="#summary">back to summary</a></p>
<h3 id="m3">Inbound_Testing.InboundTesting#C11_Sundry</h3><table class="result"><tr><th>Exception</th></tr><tr><td><div class="stacktrace">java.lang.AssertionError: expected [200] but found [502]
	at com.simple.restassured.Assertions.VerifyStatusCode(Assertions.java:31)
	at Inbound_Testing.InboundTesting.C11_Sundry(InboundTesting.java:330)
	at java.util.concurrent.ThreadPoolExecutor.runWorker(ThreadPoolExecutor.java:1149)
	at java.util.concurrent.ThreadPoolExecutor$Worker.run(ThreadPoolExecutor.java:624)
	at java.lang.Thread.run(Thread.java:748)
... Removed 17 stack frames</div></td></tr></table><p class="totop"><a href="#summary">back to summary</a></p>
<h3 id="m4">Inbound_Testing.InboundTesting#C11_Writeoff</h3><table class="result"><tr><th>Exception</th></tr><tr><td><div class="stacktrace">java.lang.AssertionError: expected [200] but found [502]
	at com.simple.restassured.Assertions.VerifyStatusCode(Assertions.java:31)
	at Inbound_Testing.InboundTesting.C11_Writeoff(InboundTesting.java:349)
	at java.util.concurrent.ThreadPoolExecutor.runWorker(ThreadPoolExecutor.java:1149)
	at java.util.concurrent.ThreadPoolExecutor$Worker.run(ThreadPoolExecutor.java:624)
	at java.lang.Thread.run(Thread.java:748)
... Removed 17 stack frames</div></td></tr></table><p class="totop"><a href="#summary">back to summary</a></p>
<h3 id="m5">Inbound_Testing.InboundTesting#P10_OnAccount</h3><table class="result"><tr><th>Exception</th></tr><tr><td><div class="stacktrace">java.lang.AssertionError: expected [200] but found [502]
	at com.simple.restassured.Assertions.VerifyStatusCode(Assertions.java:31)
	at Inbound_Testing.InboundTesting.P10_OnAccount(InboundTesting.java:130)
	at java.util.concurrent.ThreadPoolExecutor.runWorker(ThreadPoolExecutor.java:1149)
	at java.util.concurrent.ThreadPoolExecutor$Worker.run(ThreadPoolExecutor.java:624)
	at java.lang.Thread.run(Thread.java:748)
... Removed 17 stack frames</div></td></tr></table><p class="totop"><a href="#summary">back to summary</a></p>
<h3 id="m6">Inbound_Testing.InboundTesting#P10_OverPayment</h3><table class="result"><tr><th>Exception</th></tr><tr><td><div class="stacktrace">java.lang.AssertionError: expected [200] but found [502]
	at com.simple.restassured.Assertions.VerifyStatusCode(Assertions.java:31)
	at Inbound_Testing.InboundTesting.P10_OverPayment(InboundTesting.java:148)
	at java.util.concurrent.ThreadPoolExecutor.runWorker(ThreadPoolExecutor.java:1149)
	at java.util.concurrent.ThreadPoolExecutor$Worker.run(ThreadPoolExecutor.java:624)
	at java.lang.Thread.run(Thread.java:748)
... Removed 17 stack frames</div></td></tr></table><p class="totop"><a href="#summary">back to summary</a></p>
<h3 id="m7">Inbound_Testing.InboundTesting#P10_PerfectMatch</h3><table class="result"><tr><th>Exception</th></tr><tr><td><div class="stacktrace">java.lang.AssertionError: expected [200] but found [502]
	at com.simple.restassured.Assertions.VerifyStatusCode(Assertions.java:31)
	at Inbound_Testing.InboundTesting.P10_PerfectMatch(InboundTesting.java:166)
	at java.util.concurrent.ThreadPoolExecutor.runWorker(ThreadPoolExecutor.java:1149)
	at java.util.concurrent.ThreadPoolExecutor$Worker.run(ThreadPoolExecutor.java:624)
	at java.lang.Thread.run(Thread.java:748)
... Removed 17 stack frames</div></td></tr></table><p class="totop"><a href="#summary">back to summary</a></p>
<h3 id="m8">Inbound_Testing.InboundTesting#P10_ShortPayment</h3><table class="result"><tr><th>Exception</th></tr><tr><td><div class="stacktrace">java.lang.IllegalArgumentException: body cannot be null
	at org.codehaus.groovy.runtime.callsite.ConstructorSite$ConstructorSiteNoUnwrap.callConstructor(ConstructorSite.java:84)
	at org.codehaus.groovy.runtime.callsite.AbstractCallSite.callConstructor(AbstractCallSite.java:277)
	at io.restassured.internal.common.assertion.AssertParameter.notNull(AssertParameter.groovy:26)
	at io.restassured.internal.common.assertion.AssertParameter$notNull.callStatic(Unknown Source)
	at io.restassured.internal.RequestSpecificationImpl.body(RequestSpecificationImpl.groovy:679)
	at com.simple.restassured.RestCalls.PostRequest(RestCalls.java:44)
	at Inbound_Testing.InboundTesting.P10_ShortPayment(InboundTesting.java:179)
	at java.util.concurrent.ThreadPoolExecutor.runWorker(ThreadPoolExecutor.java:1149)
	at java.util.concurrent.ThreadPoolExecutor$Worker.run(ThreadPoolExecutor.java:624)
	at java.lang.Thread.run(Thread.java:748)
... Removed 18 stack frames</div></td></tr></table><p class="totop"><a href="#summary">back to summary</a></p>
<h3 id="m9">Inbound_Testing.InboundTesting#C11_BankFee</h3><table class="result"><tr><th>Exception</th></tr><tr><td><div class="stacktrace">java.lang.AssertionError: expected [200] but found [502]
	at com.simple.restassured.Assertions.VerifyStatusCode(Assertions.java:31)
	at Inbound_Testing.InboundTesting.C11_BankFee(InboundTesting.java:276)
	at java.util.concurrent.ThreadPoolExecutor.runWorker(ThreadPoolExecutor.java:1149)
	at java.util.concurrent.ThreadPoolExecutor$Worker.run(ThreadPoolExecutor.java:624)
	at java.lang.Thread.run(Thread.java:748)
... Removed 17 stack frames</div></td></tr></table><p class="totop"><a href="#summary">back to summary</a></p>
<h3 id="m10">Inbound_Testing.InboundTesting#C11_BankFee</h3><table class="result"><tr><th>Exception</th></tr><tr><td><div class="stacktrace">java.lang.AssertionError: expected [200] but found [502]
	at com.simple.restassured.Assertions.VerifyStatusCode(Assertions.java:31)
	at Inbound_Testing.InboundTesting.C11_BankFee(InboundTesting.java:276)
	at java.util.concurrent.ThreadPoolExecutor.runWorker(ThreadPoolExecutor.java:1149)
	at java.util.concurrent.ThreadPoolExecutor$Worker.run(ThreadPoolExecutor.java:624)
	at java.lang.Thread.run(Thread.java:748)
... Removed 17 stack frames</div></td></tr></table><p class="totop"><a href="#summary">back to summary</a></p>
<h3 id="m11">Inbound_Testing.InboundTesting#C11_BankFee</h3><table class="result"><tr><th>Exception</th></tr><tr><td><div class="stacktrace">java.lang.AssertionError: expected [200] but found [502]
	at com.simple.restassured.Assertions.VerifyStatusCode(Assertions.java:31)
	at Inbound_Testing.InboundTesting.C11_BankFee(InboundTesting.java:276)
	at java.util.concurrent.ThreadPoolExecutor.runWorker(ThreadPoolExecutor.java:1149)
	at java.util.concurrent.ThreadPoolExecutor$Worker.run(ThreadPoolExecutor.java:624)
	at java.lang.Thread.run(Thread.java:748)
... Removed 17 stack frames</div></td></tr></table><p class="totop"><a href="#summary">back to summary</a></p>
<h3 id="m12">Inbound_Testing.InboundTesting#C11_Deduction</h3><table class="result"><tr><th>Exception</th></tr><tr><td><div class="stacktrace">java.lang.AssertionError: expected [200] but found [502]
	at com.simple.restassured.Assertions.VerifyStatusCode(Assertions.java:31)
	at Inbound_Testing.InboundTesting.C11_Deduction(InboundTesting.java:294)
	at java.util.concurrent.ThreadPoolExecutor.runWorker(ThreadPoolExecutor.java:1149)
	at java.util.concurrent.ThreadPoolExecutor$Worker.run(ThreadPoolExecutor.java:624)
	at java.lang.Thread.run(Thread.java:748)
... Removed 17 stack frames</div></td></tr></table><p class="totop"><a href="#summary">back to summary</a></p>
<h3 id="m13">Inbound_Testing.InboundTesting#C11_Deduction</h3><table class="result"><tr><th>Exception</th></tr><tr><td><div class="stacktrace">java.lang.AssertionError: expected [200] but found [502]
	at com.simple.restassured.Assertions.VerifyStatusCode(Assertions.java:31)
	at Inbound_Testing.InboundTesting.C11_Deduction(InboundTesting.java:294)
	at java.util.concurrent.ThreadPoolExecutor.runWorker(ThreadPoolExecutor.java:1149)
	at java.util.concurrent.ThreadPoolExecutor$Worker.run(ThreadPoolExecutor.java:624)
	at java.lang.Thread.run(Thread.java:748)
... Removed 17 stack frames</div></td></tr></table><p class="totop"><a href="#summary">back to summary</a></p>
<h3 id="m14">Inbound_Testing.InboundTesting#C11_Deduction</h3><table class="result"><tr><th>Exception</th></tr><tr><td><div class="stacktrace">java.lang.AssertionError: expected [200] but found [502]
	at com.simple.restassured.Assertions.VerifyStatusCode(Assertions.java:31)
	at Inbound_Testing.InboundTesting.C11_Deduction(InboundTesting.java:294)
	at java.util.concurrent.ThreadPoolExecutor.runWorker(ThreadPoolExecutor.java:1149)
	at java.util.concurrent.ThreadPoolExecutor$Worker.run(ThreadPoolExecutor.java:624)
	at java.lang.Thread.run(Thread.java:748)
... Removed 17 stack frames</div></td></tr></table><p class="totop"><a href="#summary">back to summary</a></p>
<h3 id="m15">Inbound_Testing.InboundTesting#C11_Discount</h3><table class="result"><tr><th>Exception</th></tr><tr><td><div class="stacktrace">java.lang.AssertionError: expected [200] but found [502]
	at com.simple.restassured.Assertions.VerifyStatusCode(Assertions.java:31)
	at Inbound_Testing.InboundTesting.C11_Discount(InboundTesting.java:312)
	at java.util.concurrent.ThreadPoolExecutor.runWorker(ThreadPoolExecutor.java:1149)
	at java.util.concurrent.ThreadPoolExecutor$Worker.run(ThreadPoolExecutor.java:624)
	at java.lang.Thread.run(Thread.java:748)
... Removed 17 stack frames</div></td></tr></table><p class="totop"><a href="#summary">back to summary</a></p>
<h3 id="m16">Inbound_Testing.InboundTesting#C11_Discount</h3><table class="result"><tr><th>Exception</th></tr><tr><td><div class="stacktrace">java.lang.AssertionError: expected [200] but found [502]
	at com.simple.restassured.Assertions.VerifyStatusCode(Assertions.java:31)
	at Inbound_Testing.InboundTesting.C11_Discount(InboundTesting.java:312)
	at java.util.concurrent.ThreadPoolExecutor.runWorker(ThreadPoolExecutor.java:1149)
	at java.util.concurrent.ThreadPoolExecutor$Worker.run(ThreadPoolExecutor.java:624)
	at java.lang.Thread.run(Thread.java:748)
... Removed 17 stack frames</div></td></tr></table><p class="totop"><a href="#summary">back to summary</a></p>
<h3 id="m17">Inbound_Testing.InboundTesting#C11_Discount</h3><table class="result"><tr><th>Exception</th></tr><tr><td><div class="stacktrace">java.lang.AssertionError: expected [200] but found [502]
	at com.simple.restassured.Assertions.VerifyStatusCode(Assertions.java:31)
	at Inbound_Testing.InboundTesting.C11_Discount(InboundTesting.java:312)
	at java.util.concurrent.ThreadPoolExecutor.runWorker(ThreadPoolExecutor.java:1149)
	at java.util.concurrent.ThreadPoolExecutor$Worker.run(ThreadPoolExecutor.java:624)
	at java.lang.Thread.run(Thread.java:748)
... Removed 17 stack frames</div></td></tr></table><p class="totop"><a href="#summary">back to summary</a></p>
<h3 id="m18">Inbound_Testing.InboundTesting#C11_Sundry</h3><table class="result"><tr><th>Exception</th></tr><tr><td><div class="stacktrace">java.lang.AssertionError: expected [200] but found [502]
	at com.simple.restassured.Assertions.VerifyStatusCode(Assertions.java:31)
	at Inbound_Testing.InboundTesting.C11_Sundry(InboundTesting.java:330)
	at java.util.concurrent.ThreadPoolExecutor.runWorker(ThreadPoolExecutor.java:1149)
	at java.util.concurrent.ThreadPoolExecutor$Worker.run(ThreadPoolExecutor.java:624)
	at java.lang.Thread.run(Thread.java:748)
... Removed 17 stack frames</div></td></tr></table><p class="totop"><a href="#summary">back to summary</a></p>
<h3 id="m19">Inbound_Testing.InboundTesting#C11_Sundry</h3><table class="result"><tr><th>Exception</th></tr><tr><td><div class="stacktrace">java.lang.AssertionError: expected [200] but found [502]
	at com.simple.restassured.Assertions.VerifyStatusCode(Assertions.java:31)
	at Inbound_Testing.InboundTesting.C11_Sundry(InboundTesting.java:330)
	at java.util.concurrent.ThreadPoolExecutor.runWorker(ThreadPoolExecutor.java:1149)
	at java.util.concurrent.ThreadPoolExecutor$Worker.run(ThreadPoolExecutor.java:624)
	at java.lang.Thread.run(Thread.java:748)
... Removed 17 stack frames</div></td></tr></table><p class="totop"><a href="#summary">back to summary</a></p>
<h3 id="m20">Inbound_Testing.InboundTesting#C11_Sundry</h3><table class="result"><tr><th>Exception</th></tr><tr><td><div class="stacktrace">java.lang.AssertionError: expected [200] but found [502]
	at com.simple.restassured.Assertions.VerifyStatusCode(Assertions.java:31)
	at Inbound_Testing.InboundTesting.C11_Sundry(InboundTesting.java:330)
	at java.util.concurrent.ThreadPoolExecutor.runWorker(ThreadPoolExecutor.java:1149)
	at java.util.concurrent.ThreadPoolExecutor$Worker.run(ThreadPoolExecutor.java:624)
	at java.lang.Thread.run(Thread.java:748)
... Removed 17 stack frames</div></td></tr></table><p class="totop"><a href="#summary">back to summary</a></p>
<h3 id="m21">Inbound_Testing.InboundTesting#C11_Writeoff</h3><table class="result"><tr><th>Exception</th></tr><tr><td><div class="stacktrace">java.lang.AssertionError: expected [200] but found [502]
	at com.simple.restassured.Assertions.VerifyStatusCode(Assertions.java:31)
	at Inbound_Testing.InboundTesting.C11_Writeoff(InboundTesting.java:349)
	at java.util.concurrent.ThreadPoolExecutor.runWorker(ThreadPoolExecutor.java:1149)
	at java.util.concurrent.ThreadPoolExecutor$Worker.run(ThreadPoolExecutor.java:624)
	at java.lang.Thread.run(Thread.java:748)
... Removed 17 stack frames</div></td></tr></table><p class="totop"><a href="#summary">back to summary</a></p>
<h3 id="m22">Inbound_Testing.InboundTesting#C11_Writeoff</h3><table class="result"><tr><th>Exception</th></tr><tr><td><div class="stacktrace">java.lang.AssertionError: expected [200] but found [502]
	at com.simple.restassured.Assertions.VerifyStatusCode(Assertions.java:31)
	at Inbound_Testing.InboundTesting.C11_Writeoff(InboundTesting.java:349)
	at java.util.concurrent.ThreadPoolExecutor.runWorker(ThreadPoolExecutor.java:1149)
	at java.util.concurrent.ThreadPoolExecutor$Worker.run(ThreadPoolExecutor.java:624)
	at java.lang.Thread.run(Thread.java:748)
... Removed 17 stack frames</div></td></tr></table><p class="totop"><a href="#summary">back to summary</a></p>
<h3 id="m23">Inbound_Testing.InboundTesting#C11_Writeoff</h3><table class="result"><tr><th>Exception</th></tr><tr><td><div class="stacktrace">java.lang.AssertionError: expected [200] but found [502]
	at com.simple.restassured.Assertions.VerifyStatusCode(Assertions.java:31)
	at Inbound_Testing.InboundTesting.C11_Writeoff(InboundTesting.java:349)
	at java.util.concurrent.ThreadPoolExecutor.runWorker(ThreadPoolExecutor.java:1149)
	at java.util.concurrent.ThreadPoolExecutor$Worker.run(ThreadPoolExecutor.java:624)
	at java.lang.Thread.run(Thread.java:748)
... Removed 17 stack frames</div></td></tr></table><p class="totop"><a href="#summary">back to summary</a></p>
<h3 id="m24">Inbound_Testing.InboundTesting#P10_OnAccount</h3><table class="result"><tr><th>Exception</th></tr><tr><td><div class="stacktrace">java.lang.AssertionError: expected [200] but found [502]
	at com.simple.restassured.Assertions.VerifyStatusCode(Assertions.java:31)
	at Inbound_Testing.InboundTesting.P10_OnAccount(InboundTesting.java:130)
	at java.util.concurrent.ThreadPoolExecutor.runWorker(ThreadPoolExecutor.java:1149)
	at java.util.concurrent.ThreadPoolExecutor$Worker.run(ThreadPoolExecutor.java:624)
	at java.lang.Thread.run(Thread.java:748)
... Removed 17 stack frames</div></td></tr></table><p class="totop"><a href="#summary">back to summary</a></p>
<h3 id="m25">Inbound_Testing.InboundTesting#P10_OnAccount</h3><table class="result"><tr><th>Exception</th></tr><tr><td><div class="stacktrace">java.lang.AssertionError: expected [200] but found [502]
	at com.simple.restassured.Assertions.VerifyStatusCode(Assertions.java:31)
	at Inbound_Testing.InboundTesting.P10_OnAccount(InboundTesting.java:130)
	at java.util.concurrent.ThreadPoolExecutor.runWorker(ThreadPoolExecutor.java:1149)
	at java.util.concurrent.ThreadPoolExecutor$Worker.run(ThreadPoolExecutor.java:624)
	at java.lang.Thread.run(Thread.java:748)
... Removed 17 stack frames</div></td></tr></table><p class="totop"><a href="#summary">back to summary</a></p>
<h3 id="m26">Inbound_Testing.InboundTesting#P10_OnAccount</h3><table class="result"><tr><th>Exception</th></tr><tr><td><div class="stacktrace">java.lang.AssertionError: expected [200] but found [502]
	at com.simple.restassured.Assertions.VerifyStatusCode(Assertions.java:31)
	at Inbound_Testing.InboundTesting.P10_OnAccount(InboundTesting.java:130)
	at java.util.concurrent.ThreadPoolExecutor.runWorker(ThreadPoolExecutor.java:1149)
	at java.util.concurrent.ThreadPoolExecutor$Worker.run(ThreadPoolExecutor.java:624)
	at java.lang.Thread.run(Thread.java:748)
... Removed 17 stack frames</div></td></tr></table><p class="totop"><a href="#summary">back to summary</a></p>
<h3 id="m27">Inbound_Testing.InboundTesting#P10_OverPayment</h3><table class="result"><tr><th>Exception</th></tr><tr><td><div class="stacktrace">java.lang.AssertionError: expected [200] but found [502]
	at com.simple.restassured.Assertions.VerifyStatusCode(Assertions.java:31)
	at Inbound_Testing.InboundTesting.P10_OverPayment(InboundTesting.java:148)
	at java.util.concurrent.ThreadPoolExecutor.runWorker(ThreadPoolExecutor.java:1149)
	at java.util.concurrent.ThreadPoolExecutor$Worker.run(ThreadPoolExecutor.java:624)
	at java.lang.Thread.run(Thread.java:748)
... Removed 17 stack frames</div></td></tr></table><p class="totop"><a href="#summary">back to summary</a></p>
<h3 id="m28">Inbound_Testing.InboundTesting#P10_OverPayment</h3><table class="result"><tr><th>Exception</th></tr><tr><td><div class="stacktrace">java.lang.AssertionError: expected [200] but found [502]
	at com.simple.restassured.Assertions.VerifyStatusCode(Assertions.java:31)
	at Inbound_Testing.InboundTesting.P10_OverPayment(InboundTesting.java:148)
	at java.util.concurrent.ThreadPoolExecutor.runWorker(ThreadPoolExecutor.java:1149)
	at java.util.concurrent.ThreadPoolExecutor$Worker.run(ThreadPoolExecutor.java:624)
	at java.lang.Thread.run(Thread.java:748)
... Removed 17 stack frames</div></td></tr></table><p class="totop"><a href="#summary">back to summary</a></p>
<h3 id="m29">Inbound_Testing.InboundTesting#P10_OverPayment</h3><table class="result"><tr><th>Exception</th></tr><tr><td><div class="stacktrace">java.lang.AssertionError: expected [200] but found [502]
	at com.simple.restassured.Assertions.VerifyStatusCode(Assertions.java:31)
	at Inbound_Testing.InboundTesting.P10_OverPayment(InboundTesting.java:148)
	at java.util.concurrent.ThreadPoolExecutor.runWorker(ThreadPoolExecutor.java:1149)
	at java.util.concurrent.ThreadPoolExecutor$Worker.run(ThreadPoolExecutor.java:624)
	at java.lang.Thread.run(Thread.java:748)
... Removed 17 stack frames</div></td></tr></table><p class="totop"><a href="#summary">back to summary</a></p>
<h3 id="m30">Inbound_Testing.InboundTesting#P10_PerfectMatch</h3><table class="result"><tr><th>Exception</th></tr><tr><td><div class="stacktrace">java.lang.AssertionError: expected [200] but found [502]
	at com.simple.restassured.Assertions.VerifyStatusCode(Assertions.java:31)
	at Inbound_Testing.InboundTesting.P10_PerfectMatch(InboundTesting.java:166)
	at java.util.concurrent.ThreadPoolExecutor.runWorker(ThreadPoolExecutor.java:1149)
	at java.util.concurrent.ThreadPoolExecutor$Worker.run(ThreadPoolExecutor.java:624)
	at java.lang.Thread.run(Thread.java:748)
... Removed 17 stack frames</div></td></tr></table><p class="totop"><a href="#summary">back to summary</a></p>
<h3 id="m31">Inbound_Testing.InboundTesting#P10_PerfectMatch</h3><table class="result"><tr><th>Exception</th></tr><tr><td><div class="stacktrace">java.lang.AssertionError: expected [200] but found [502]
	at com.simple.restassured.Assertions.VerifyStatusCode(Assertions.java:31)
	at Inbound_Testing.InboundTesting.P10_PerfectMatch(InboundTesting.java:166)
	at java.util.concurrent.ThreadPoolExecutor.runWorker(ThreadPoolExecutor.java:1149)
	at java.util.concurrent.ThreadPoolExecutor$Worker.run(ThreadPoolExecutor.java:624)
	at java.lang.Thread.run(Thread.java:748)
... Removed 17 stack frames</div></td></tr></table><p class="totop"><a href="#summary">back to summary</a></p>
<h3 id="m32">Inbound_Testing.InboundTesting#P10_PerfectMatch</h3><table class="result"><tr><th>Exception</th></tr><tr><td><div class="stacktrace">java.lang.AssertionError: expected [200] but found [502]
	at com.simple.restassured.Assertions.VerifyStatusCode(Assertions.java:31)
	at Inbound_Testing.InboundTesting.P10_PerfectMatch(InboundTesting.java:166)
	at java.util.concurrent.ThreadPoolExecutor.runWorker(ThreadPoolExecutor.java:1149)
	at java.util.concurrent.ThreadPoolExecutor$Worker.run(ThreadPoolExecutor.java:624)
	at java.lang.Thread.run(Thread.java:748)
... Removed 17 stack frames</div></td></tr></table><p class="totop"><a href="#summary">back to summary</a></p>
<h3 id="m33">Inbound_Testing.InboundTesting#P10_ShortPayment</h3><table class="result"><tr><th>Exception</th></tr><tr><td><div class="stacktrace">java.lang.IllegalArgumentException: body cannot be null
	at org.codehaus.groovy.runtime.callsite.ConstructorSite$ConstructorSiteNoUnwrap.callConstructor(ConstructorSite.java:84)
	at org.codehaus.groovy.runtime.callsite.AbstractCallSite.callConstructor(AbstractCallSite.java:277)
	at io.restassured.internal.common.assertion.AssertParameter.notNull(AssertParameter.groovy:26)
	at io.restassured.internal.common.assertion.AssertParameter$notNull.callStatic(Unknown Source)
	at io.restassured.internal.RequestSpecificationImpl.body(RequestSpecificationImpl.groovy:679)
	at com.simple.restassured.RestCalls.PostRequest(RestCalls.java:44)
	at Inbound_Testing.InboundTesting.P10_ShortPayment(InboundTesting.java:179)
	at java.util.concurrent.ThreadPoolExecutor.runWorker(ThreadPoolExecutor.java:1149)
	at java.util.concurrent.ThreadPoolExecutor$Worker.run(ThreadPoolExecutor.java:624)
	at java.lang.Thread.run(Thread.java:748)
... Removed 18 stack frames</div></td></tr></table><p class="totop"><a href="#summary">back to summary</a></p>
<h3 id="m34">Inbound_Testing.InboundTesting#P10_ShortPayment</h3><table class="result"><tr><th>Exception</th></tr><tr><td><div class="stacktrace">java.lang.IllegalArgumentException: body cannot be null
	at org.codehaus.groovy.runtime.callsite.ConstructorSite$ConstructorSiteNoUnwrap.callConstructor(ConstructorSite.java:84)
	at org.codehaus.groovy.runtime.callsite.AbstractCallSite.callConstructor(AbstractCallSite.java:277)
	at io.restassured.internal.common.assertion.AssertParameter.notNull(AssertParameter.groovy:26)
	at io.restassured.internal.common.assertion.AssertParameter$notNull.callStatic(Unknown Source)
	at io.restassured.internal.RequestSpecificationImpl.body(RequestSpecificationImpl.groovy:679)
	at com.simple.restassured.RestCalls.PostRequest(RestCalls.java:44)
	at Inbound_Testing.InboundTesting.P10_ShortPayment(InboundTesting.java:179)
	at java.util.concurrent.ThreadPoolExecutor.runWorker(ThreadPoolExecutor.java:1149)
	at java.util.concurrent.ThreadPoolExecutor$Worker.run(ThreadPoolExecutor.java:624)
	at java.lang.Thread.run(Thread.java:748)
... Removed 18 stack frames</div></td></tr></table><p class="totop"><a href="#summary">back to summary</a></p>
<h3 id="m35">Inbound_Testing.InboundTesting#P10_ShortPayment</h3><table class="result"><tr><th>Exception</th></tr><tr><td><div class="stacktrace">java.lang.IllegalArgumentException: body cannot be null
	at org.codehaus.groovy.runtime.callsite.ConstructorSite$ConstructorSiteNoUnwrap.callConstructor(ConstructorSite.java:84)
	at org.codehaus.groovy.runtime.callsite.CallSiteArray.defaultCallConstructor(CallSiteArray.java:59)
	at org.codehaus.groovy.runtime.callsite.AbstractCallSite.callConstructor(AbstractCallSite.java:263)
	at org.codehaus.groovy.runtime.callsite.AbstractCallSite.callConstructor(AbstractCallSite.java:277)
	at io.restassured.internal.common.assertion.AssertParameter.notNull(AssertParameter.groovy:26)
	at io.restassured.internal.common.assertion.AssertParameter$notNull.callStatic(Unknown Source)
	at org.codehaus.groovy.runtime.callsite.CallSiteArray.defaultCallStatic(CallSiteArray.java:55)
	at io.restassured.internal.common.assertion.AssertParameter$notNull.callStatic(Unknown Source)
	at io.restassured.internal.RequestSpecificationImpl.body(RequestSpecificationImpl.groovy:679)
	at com.simple.restassured.RestCalls.PostRequest(RestCalls.java:44)
	at Inbound_Testing.InboundTesting.P10_ShortPayment(InboundTesting.java:179)
	at java.util.concurrent.ThreadPoolExecutor.runWorker(ThreadPoolExecutor.java:1149)
	at java.util.concurrent.ThreadPoolExecutor$Worker.run(ThreadPoolExecutor.java:624)
	at java.lang.Thread.run(Thread.java:748)
... Removed 18 stack frames</div></td></tr></table><p class="totop"><a href="#summary">back to summary</a></p>
<h3 id="m36">Inbound_Testing.InboundTesting#C11_OnAccount</h3><table class="result"><tr><th class="invisible"/></tr></table><p class="totop"><a href="#summary">back to summary</a></p>
<h3 id="m37">Inbound_Testing.InboundTesting#C11_OverPayment</h3><table class="result"><tr><th class="invisible"/></tr></table><p class="totop"><a href="#summary">back to summary</a></p>
<h3 id="m38">Inbound_Testing.InboundTesting#C11_PerfectMatch</h3><table class="result"><tr><th class="invisible"/></tr></table><p class="totop"><a href="#summary">back to summary</a></p>
<h3 id="m39">Inbound_Testing.InboundTesting#C11_ShortPayment</h3><table class="result"><tr><th class="invisible"/></tr></table><p class="totop"><a href="#summary">back to summary</a></p>
<h3 id="m40">Inbound_Testing.InboundTesting#P10_BankFee</h3><table class="result"><tr><th class="invisible"/></tr></table><p class="totop"><a href="#summary">back to summary</a></p>
<h3 id="m41">Inbound_Testing.InboundTesting#P10_Deduction</h3><table class="result"><tr><th class="invisible"/></tr></table><p class="totop"><a href="#summary">back to summary</a></p>
<h3 id="m42">Inbound_Testing.InboundTesting#P10_Discount</h3><table class="result"><tr><th class="invisible"/></tr></table><p class="totop"><a href="#summary">back to summary</a></p>
<h3 id="m43">Inbound_Testing.InboundTesting#P10_Sundry</h3><table class="result"><tr><th class="invisible"/></tr></table><p class="totop"><a href="#summary">back to summary</a></p>
<h3 id="m44">Inbound_Testing.InboundTesting#P10_WriteOff</h3><table class="result"><tr><th class="invisible"/></tr></table><p class="totop"><a href="#summary">back to summary</a></p>
</body>
</html>
