<!DOCTYPE html>

<html>
  <head>
  <meta charset='utf-8'>
  <title>TestNG reports</title>

    <link type="text/css" href="testng-reports.css" rel="stylesheet" />
    <script type="text/javascript" src="jquery-3.4.1.min.js"></script>
    <script type="text/javascript" src="testng-reports.js"></script>
    <script type="text/javascript" src="https://www.google.com/jsapi"></script>
    <script type='text/javascript'>
      google.load('visualization', '1', {packages:['table']});
      google.setOnLoadCallback(drawTable);
      var suiteTableInitFunctions = new Array();
      var suiteTableData = new Array();
    </script>
    <!--
      <script type="text/javascript" src="jquery-ui/js/jquery-ui-1.8.16.custom.min.js"></script>
     -->
  </head>

  <body>
    <div class="top-banner-root">
      <span class="top-banner-title-font">Test results</span>
      <br/>
      <span class="top-banner-font-1">1 suite, 9 failed tests</span>
    </div> <!-- top-banner-root -->
    <div class="navigator-root">
      <div class="navigator-suite-header">
        <span>All suites</span>
        <a href="#" class="collapse-all-link" title="Collapse/expand all the suites">
          <img class="collapse-all-icon" src="collapseall.gif">
          </img> <!-- collapse-all-icon -->
        </a> <!-- collapse-all-link -->
      </div> <!-- navigator-suite-header -->
      <div class="suite">
        <div class="rounded-window">
          <div class="suite-header light-rounded-window-top">
            <a href="#" class="navigator-link" panel-name="suite-InboundTesting">
              <span class="suite-name border-failed">InboundTesting</span>
            </a> <!-- navigator-link -->
          </div> <!-- suite-header light-rounded-window-top -->
          <div class="navigator-suite-content">
            <div class="suite-section-title">
              <span>Info</span>
            </div> <!-- suite-section-title -->
            <div class="suite-section-content">
              <ul>
                <li>
                  <a href="#" class="navigator-link " panel-name="test-xml-InboundTesting">
                    <span>C:\Rest Assured Framework\workspace\simple.restassured\testng.xml</span>
                  </a> <!-- navigator-link  -->
                </li>
                <li>
                  <a href="#" class="navigator-link " panel-name="testlist-InboundTesting">
                    <span class="test-stats">1 test</span>
                  </a> <!-- navigator-link  -->
                </li>
                <li>
                  <a href="#" class="navigator-link " panel-name="group-InboundTesting">
                    <span>0 groups</span>
                  </a> <!-- navigator-link  -->
                </li>
                <li>
                  <a href="#" class="navigator-link " panel-name="times-InboundTesting">
                    <span>Times</span>
                  </a> <!-- navigator-link  -->
                </li>
                <li>
                  <a href="#" class="navigator-link " panel-name="reporter-InboundTesting">
                    <span>Reporter output</span>
                  </a> <!-- navigator-link  -->
                </li>
                <li>
                  <a href="#" class="navigator-link " panel-name="ignored-methods-InboundTesting">
                    <span>Ignored methods</span>
                  </a> <!-- navigator-link  -->
                </li>
                <li>
                  <a href="#" class="navigator-link " panel-name="chronological-InboundTesting">
                    <span>Chronological view</span>
                  </a> <!-- navigator-link  -->
                </li>
              </ul>
            </div> <!-- suite-section-content -->
            <div class="result-section">
              <div class="suite-section-title">
                <span>Results</span>
              </div> <!-- suite-section-title -->
              <div class="suite-section-content">
                <ul>
                  <li>
                    <span class="method-stats">45 methods, 9 failed,  27 skipped,  9 passed</span>
                  </li>
                  <li>
                    <span class="method-list-title failed">Failed methods</span>
                    <span class="show-or-hide-methods failed">
                      <a href="#" panel-name="suite-InboundTesting" class="hide-methods failed suite-InboundTesting"> (hide)</a> <!-- hide-methods failed suite-InboundTesting -->
                      <a href="#" panel-name="suite-InboundTesting" class="show-methods failed suite-InboundTesting"> (show)</a> <!-- show-methods failed suite-InboundTesting -->
                    </span>
                    <div class="method-list-content failed suite-InboundTesting">
                      <span>
                        <img width="3%" src="failed.png"/>
                        <a href="#" class="method navigator-link" panel-name="suite-InboundTesting" title="Inbound_Testing.InboundTesting" hash-for-method="C11_BankFee">C11_BankFee</a> <!-- method navigator-link -->
                      </span>
                      <br/>
                      <span>
                        <img width="3%" src="failed.png"/>
                        <a href="#" class="method navigator-link" panel-name="suite-InboundTesting" title="Inbound_Testing.InboundTesting" hash-for-method="C11_Deduction">C11_Deduction</a> <!-- method navigator-link -->
                      </span>
                      <br/>
                      <span>
                        <img width="3%" src="failed.png"/>
                        <a href="#" class="method navigator-link" panel-name="suite-InboundTesting" title="Inbound_Testing.InboundTesting" hash-for-method="C11_Discount">C11_Discount</a> <!-- method navigator-link -->
                      </span>
                      <br/>
                      <span>
                        <img width="3%" src="failed.png"/>
                        <a href="#" class="method navigator-link" panel-name="suite-InboundTesting" title="Inbound_Testing.InboundTesting" hash-for-method="C11_Sundry">C11_Sundry</a> <!-- method navigator-link -->
                      </span>
                      <br/>
                      <span>
                        <img width="3%" src="failed.png"/>
                        <a href="#" class="method navigator-link" panel-name="suite-InboundTesting" title="Inbound_Testing.InboundTesting" hash-for-method="C11_Writeoff">C11_Writeoff</a> <!-- method navigator-link -->
                      </span>
                      <br/>
                      <span>
                        <img width="3%" src="failed.png"/>
                        <a href="#" class="method navigator-link" panel-name="suite-InboundTesting" title="Inbound_Testing.InboundTesting" hash-for-method="P10_OnAccount">P10_OnAccount</a> <!-- method navigator-link -->
                      </span>
                      <br/>
                      <span>
                        <img width="3%" src="failed.png"/>
                        <a href="#" class="method navigator-link" panel-name="suite-InboundTesting" title="Inbound_Testing.InboundTesting" hash-for-method="P10_OverPayment">P10_OverPayment</a> <!-- method navigator-link -->
                      </span>
                      <br/>
                      <span>
                        <img width="3%" src="failed.png"/>
                        <a href="#" class="method navigator-link" panel-name="suite-InboundTesting" title="Inbound_Testing.InboundTesting" hash-for-method="P10_PerfectMatch">P10_PerfectMatch</a> <!-- method navigator-link -->
                      </span>
                      <br/>
                      <span>
                        <img width="3%" src="failed.png"/>
                        <a href="#" class="method navigator-link" panel-name="suite-InboundTesting" title="Inbound_Testing.InboundTesting" hash-for-method="P10_ShortPayment">P10_ShortPayment</a> <!-- method navigator-link -->
                      </span>
                      <br/>
                    </div> <!-- method-list-content failed suite-InboundTesting -->
                  </li>
                  <li>
                    <span class="method-list-title skipped">Retried methods</span>
                    <span class="show-or-hide-methods skipped">
                      <a href="#" panel-name="suite-InboundTesting" class="hide-methods skipped suite-InboundTesting"> (hide)</a> <!-- hide-methods skipped suite-InboundTesting -->
                      <a href="#" panel-name="suite-InboundTesting" class="show-methods skipped suite-InboundTesting"> (show)</a> <!-- show-methods skipped suite-InboundTesting -->
                    </span>
                    <div class="method-list-content skipped suite-InboundTesting">
                      <span>
                        <img width="3%" src="skipped.png"/>
                        <a href="#" class="method navigator-link" panel-name="suite-InboundTesting" title="Inbound_Testing.InboundTesting" hash-for-method="C11_BankFee">C11_BankFee</a> <!-- method navigator-link -->
                      </span>
                      <br/>
                      <span>
                        <img width="3%" src="skipped.png"/>
                        <a href="#" class="method navigator-link" panel-name="suite-InboundTesting" title="Inbound_Testing.InboundTesting" hash-for-method="C11_BankFee">C11_BankFee</a> <!-- method navigator-link -->
                      </span>
                      <br/>
                      <span>
                        <img width="3%" src="skipped.png"/>
                        <a href="#" class="method navigator-link" panel-name="suite-InboundTesting" title="Inbound_Testing.InboundTesting" hash-for-method="C11_BankFee">C11_BankFee</a> <!-- method navigator-link -->
                      </span>
                      <br/>
                      <span>
                        <img width="3%" src="skipped.png"/>
                        <a href="#" class="method navigator-link" panel-name="suite-InboundTesting" title="Inbound_Testing.InboundTesting" hash-for-method="C11_Deduction">C11_Deduction</a> <!-- method navigator-link -->
                      </span>
                      <br/>
                      <span>
                        <img width="3%" src="skipped.png"/>
                        <a href="#" class="method navigator-link" panel-name="suite-InboundTesting" title="Inbound_Testing.InboundTesting" hash-for-method="C11_Deduction">C11_Deduction</a> <!-- method navigator-link -->
                      </span>
                      <br/>
                      <span>
                        <img width="3%" src="skipped.png"/>
                        <a href="#" class="method navigator-link" panel-name="suite-InboundTesting" title="Inbound_Testing.InboundTesting" hash-for-method="C11_Deduction">C11_Deduction</a> <!-- method navigator-link -->
                      </span>
                      <br/>
                      <span>
                        <img width="3%" src="skipped.png"/>
                        <a href="#" class="method navigator-link" panel-name="suite-InboundTesting" title="Inbound_Testing.InboundTesting" hash-for-method="C11_Discount">C11_Discount</a> <!-- method navigator-link -->
                      </span>
                      <br/>
                      <span>
                        <img width="3%" src="skipped.png"/>
                        <a href="#" class="method navigator-link" panel-name="suite-InboundTesting" title="Inbound_Testing.InboundTesting" hash-for-method="C11_Discount">C11_Discount</a> <!-- method navigator-link -->
                      </span>
                      <br/>
                      <span>
                        <img width="3%" src="skipped.png"/>
                        <a href="#" class="method navigator-link" panel-name="suite-InboundTesting" title="Inbound_Testing.InboundTesting" hash-for-method="C11_Discount">C11_Discount</a> <!-- method navigator-link -->
                      </span>
                      <br/>
                      <span>
                        <img width="3%" src="skipped.png"/>
                        <a href="#" class="method navigator-link" panel-name="suite-InboundTesting" title="Inbound_Testing.InboundTesting" hash-for-method="C11_Sundry">C11_Sundry</a> <!-- method navigator-link -->
                      </span>
                      <br/>
                      <span>
                        <img width="3%" src="skipped.png"/>
                        <a href="#" class="method navigator-link" panel-name="suite-InboundTesting" title="Inbound_Testing.InboundTesting" hash-for-method="C11_Sundry">C11_Sundry</a> <!-- method navigator-link -->
                      </span>
                      <br/>
                      <span>
                        <img width="3%" src="skipped.png"/>
                        <a href="#" class="method navigator-link" panel-name="suite-InboundTesting" title="Inbound_Testing.InboundTesting" hash-for-method="C11_Sundry">C11_Sundry</a> <!-- method navigator-link -->
                      </span>
                      <br/>
                      <span>
                        <img width="3%" src="skipped.png"/>
                        <a href="#" class="method navigator-link" panel-name="suite-InboundTesting" title="Inbound_Testing.InboundTesting" hash-for-method="C11_Writeoff">C11_Writeoff</a> <!-- method navigator-link -->
                      </span>
                      <br/>
                      <span>
                        <img width="3%" src="skipped.png"/>
                        <a href="#" class="method navigator-link" panel-name="suite-InboundTesting" title="Inbound_Testing.InboundTesting" hash-for-method="C11_Writeoff">C11_Writeoff</a> <!-- method navigator-link -->
                      </span>
                      <br/>
                      <span>
                        <img width="3%" src="skipped.png"/>
                        <a href="#" class="method navigator-link" panel-name="suite-InboundTesting" title="Inbound_Testing.InboundTesting" hash-for-method="C11_Writeoff">C11_Writeoff</a> <!-- method navigator-link -->
                      </span>
                      <br/>
                      <span>
                        <img width="3%" src="skipped.png"/>
                        <a href="#" class="method navigator-link" panel-name="suite-InboundTesting" title="Inbound_Testing.InboundTesting" hash-for-method="P10_OnAccount">P10_OnAccount</a> <!-- method navigator-link -->
                      </span>
                      <br/>
                      <span>
                        <img width="3%" src="skipped.png"/>
                        <a href="#" class="method navigator-link" panel-name="suite-InboundTesting" title="Inbound_Testing.InboundTesting" hash-for-method="P10_OnAccount">P10_OnAccount</a> <!-- method navigator-link -->
                      </span>
                      <br/>
                      <span>
                        <img width="3%" src="skipped.png"/>
                        <a href="#" class="method navigator-link" panel-name="suite-InboundTesting" title="Inbound_Testing.InboundTesting" hash-for-method="P10_OnAccount">P10_OnAccount</a> <!-- method navigator-link -->
                      </span>
                      <br/>
                      <span>
                        <img width="3%" src="skipped.png"/>
                        <a href="#" class="method navigator-link" panel-name="suite-InboundTesting" title="Inbound_Testing.InboundTesting" hash-for-method="P10_OverPayment">P10_OverPayment</a> <!-- method navigator-link -->
                      </span>
                      <br/>
                      <span>
                        <img width="3%" src="skipped.png"/>
                        <a href="#" class="method navigator-link" panel-name="suite-InboundTesting" title="Inbound_Testing.InboundTesting" hash-for-method="P10_OverPayment">P10_OverPayment</a> <!-- method navigator-link -->
                      </span>
                      <br/>
                      <span>
                        <img width="3%" src="skipped.png"/>
                        <a href="#" class="method navigator-link" panel-name="suite-InboundTesting" title="Inbound_Testing.InboundTesting" hash-for-method="P10_OverPayment">P10_OverPayment</a> <!-- method navigator-link -->
                      </span>
                      <br/>
                      <span>
                        <img width="3%" src="skipped.png"/>
                        <a href="#" class="method navigator-link" panel-name="suite-InboundTesting" title="Inbound_Testing.InboundTesting" hash-for-method="P10_PerfectMatch">P10_PerfectMatch</a> <!-- method navigator-link -->
                      </span>
                      <br/>
                      <span>
                        <img width="3%" src="skipped.png"/>
                        <a href="#" class="method navigator-link" panel-name="suite-InboundTesting" title="Inbound_Testing.InboundTesting" hash-for-method="P10_PerfectMatch">P10_PerfectMatch</a> <!-- method navigator-link -->
                      </span>
                      <br/>
                      <span>
                        <img width="3%" src="skipped.png"/>
                        <a href="#" class="method navigator-link" panel-name="suite-InboundTesting" title="Inbound_Testing.InboundTesting" hash-for-method="P10_PerfectMatch">P10_PerfectMatch</a> <!-- method navigator-link -->
                      </span>
                      <br/>
                      <span>
                        <img width="3%" src="skipped.png"/>
                        <a href="#" class="method navigator-link" panel-name="suite-InboundTesting" title="Inbound_Testing.InboundTesting" hash-for-method="P10_ShortPayment">P10_ShortPayment</a> <!-- method navigator-link -->
                      </span>
                      <br/>
                      <span>
                        <img width="3%" src="skipped.png"/>
                        <a href="#" class="method navigator-link" panel-name="suite-InboundTesting" title="Inbound_Testing.InboundTesting" hash-for-method="P10_ShortPayment">P10_ShortPayment</a> <!-- method navigator-link -->
                      </span>
                      <br/>
                      <span>
                        <img width="3%" src="skipped.png"/>
                        <a href="#" class="method navigator-link" panel-name="suite-InboundTesting" title="Inbound_Testing.InboundTesting" hash-for-method="P10_ShortPayment">P10_ShortPayment</a> <!-- method navigator-link -->
                      </span>
                      <br/>
                    </div> <!-- method-list-content skipped suite-InboundTesting -->
                  </li>
                  <li>
                    <span class="method-list-title passed">Passed methods</span>
                    <span class="show-or-hide-methods passed">
                      <a href="#" panel-name="suite-InboundTesting" class="hide-methods passed suite-InboundTesting"> (hide)</a> <!-- hide-methods passed suite-InboundTesting -->
                      <a href="#" panel-name="suite-InboundTesting" class="show-methods passed suite-InboundTesting"> (show)</a> <!-- show-methods passed suite-InboundTesting -->
                    </span>
                    <div class="method-list-content passed suite-InboundTesting">
                      <span>
                        <img width="3%" src="passed.png"/>
                        <a href="#" class="method navigator-link" panel-name="suite-InboundTesting" title="Inbound_Testing.InboundTesting" hash-for-method="C11_OnAccount">C11_OnAccount</a> <!-- method navigator-link -->
                      </span>
                      <br/>
                      <span>
                        <img width="3%" src="passed.png"/>
                        <a href="#" class="method navigator-link" panel-name="suite-InboundTesting" title="Inbound_Testing.InboundTesting" hash-for-method="C11_OverPayment">C11_OverPayment</a> <!-- method navigator-link -->
                      </span>
                      <br/>
                      <span>
                        <img width="3%" src="passed.png"/>
                        <a href="#" class="method navigator-link" panel-name="suite-InboundTesting" title="Inbound_Testing.InboundTesting" hash-for-method="C11_PerfectMatch">C11_PerfectMatch</a> <!-- method navigator-link -->
                      </span>
                      <br/>
                      <span>
                        <img width="3%" src="passed.png"/>
                        <a href="#" class="method navigator-link" panel-name="suite-InboundTesting" title="Inbound_Testing.InboundTesting" hash-for-method="C11_ShortPayment">C11_ShortPayment</a> <!-- method navigator-link -->
                      </span>
                      <br/>
                      <span>
                        <img width="3%" src="passed.png"/>
                        <a href="#" class="method navigator-link" panel-name="suite-InboundTesting" title="Inbound_Testing.InboundTesting" hash-for-method="P10_BankFee">P10_BankFee</a> <!-- method navigator-link -->
                      </span>
                      <br/>
                      <span>
                        <img width="3%" src="passed.png"/>
                        <a href="#" class="method navigator-link" panel-name="suite-InboundTesting" title="Inbound_Testing.InboundTesting" hash-for-method="P10_Deduction">P10_Deduction</a> <!-- method navigator-link -->
                      </span>
                      <br/>
                      <span>
                        <img width="3%" src="passed.png"/>
                        <a href="#" class="method navigator-link" panel-name="suite-InboundTesting" title="Inbound_Testing.InboundTesting" hash-for-method="P10_Discount">P10_Discount</a> <!-- method navigator-link -->
                      </span>
                      <br/>
                      <span>
                        <img width="3%" src="passed.png"/>
                        <a href="#" class="method navigator-link" panel-name="suite-InboundTesting" title="Inbound_Testing.InboundTesting" hash-for-method="P10_Sundry">P10_Sundry</a> <!-- method navigator-link -->
                      </span>
                      <br/>
                      <span>
                        <img width="3%" src="passed.png"/>
                        <a href="#" class="method navigator-link" panel-name="suite-InboundTesting" title="Inbound_Testing.InboundTesting" hash-for-method="P10_WriteOff">P10_WriteOff</a> <!-- method navigator-link -->
                      </span>
                      <br/>
                    </div> <!-- method-list-content passed suite-InboundTesting -->
                  </li>
                </ul>
              </div> <!-- suite-section-content -->
            </div> <!-- result-section -->
          </div> <!-- navigator-suite-content -->
        </div> <!-- rounded-window -->
      </div> <!-- suite -->
    </div> <!-- navigator-root -->
    <div class="wrapper">
      <div class="main-panel-root">
        <div panel-name="suite-InboundTesting" class="panel InboundTesting">
          <div class="suite-InboundTesting-class-failed">
            <div class="main-panel-header rounded-window-top">
              <img src="failed.png"/>
              <span class="class-name">Inbound_Testing.InboundTesting</span>
            </div> <!-- main-panel-header rounded-window-top -->
            <div class="main-panel-content rounded-window-bottom">
              <div class="method">
                <div class="method-content">
                  <a name="C11_BankFee">
                  </a> <!-- C11_BankFee -->
                  <span class="method-name">C11_BankFee</span>
                  <div class="stack-trace">java.lang.AssertionError: expected [200] but found [502]
	at com.simple.restassured.Assertions.VerifyStatusCode(Assertions.java:31)
	at Inbound_Testing.InboundTesting.C11_BankFee(InboundTesting.java:276)
	at java.util.concurrent.ThreadPoolExecutor.runWorker(ThreadPoolExecutor.java:1149)
	at java.util.concurrent.ThreadPoolExecutor$Worker.run(ThreadPoolExecutor.java:624)
	at java.lang.Thread.run(Thread.java:748)
... Removed 17 stack frames
</div> <!-- stack-trace -->
                </div> <!-- method-content -->
              </div> <!-- method -->
              <div class="method">
                <div class="method-content">
                  <a name="C11_Deduction">
                  </a> <!-- C11_Deduction -->
                  <span class="method-name">C11_Deduction</span>
                  <div class="stack-trace">java.lang.AssertionError: expected [200] but found [502]
	at com.simple.restassured.Assertions.VerifyStatusCode(Assertions.java:31)
	at Inbound_Testing.InboundTesting.C11_Deduction(InboundTesting.java:294)
	at java.util.concurrent.ThreadPoolExecutor.runWorker(ThreadPoolExecutor.java:1149)
	at java.util.concurrent.ThreadPoolExecutor$Worker.run(ThreadPoolExecutor.java:624)
	at java.lang.Thread.run(Thread.java:748)
... Removed 17 stack frames
</div> <!-- stack-trace -->
                </div> <!-- method-content -->
              </div> <!-- method -->
              <div class="method">
                <div class="method-content">
                  <a name="C11_Discount">
                  </a> <!-- C11_Discount -->
                  <span class="method-name">C11_Discount</span>
                  <div class="stack-trace">java.lang.AssertionError: expected [200] but found [502]
	at com.simple.restassured.Assertions.VerifyStatusCode(Assertions.java:31)
	at Inbound_Testing.InboundTesting.C11_Discount(InboundTesting.java:312)
	at java.util.concurrent.ThreadPoolExecutor.runWorker(ThreadPoolExecutor.java:1149)
	at java.util.concurrent.ThreadPoolExecutor$Worker.run(ThreadPoolExecutor.java:624)
	at java.lang.Thread.run(Thread.java:748)
... Removed 17 stack frames
</div> <!-- stack-trace -->
                </div> <!-- method-content -->
              </div> <!-- method -->
              <div class="method">
                <div class="method-content">
                  <a name="C11_Sundry">
                  </a> <!-- C11_Sundry -->
                  <span class="method-name">C11_Sundry</span>
                  <div class="stack-trace">java.lang.AssertionError: expected [200] but found [502]
	at com.simple.restassured.Assertions.VerifyStatusCode(Assertions.java:31)
	at Inbound_Testing.InboundTesting.C11_Sundry(InboundTesting.java:330)
	at java.util.concurrent.ThreadPoolExecutor.runWorker(ThreadPoolExecutor.java:1149)
	at java.util.concurrent.ThreadPoolExecutor$Worker.run(ThreadPoolExecutor.java:624)
	at java.lang.Thread.run(Thread.java:748)
... Removed 17 stack frames
</div> <!-- stack-trace -->
                </div> <!-- method-content -->
              </div> <!-- method -->
              <div class="method">
                <div class="method-content">
                  <a name="C11_Writeoff">
                  </a> <!-- C11_Writeoff -->
                  <span class="method-name">C11_Writeoff</span>
                  <div class="stack-trace">java.lang.AssertionError: expected [200] but found [502]
	at com.simple.restassured.Assertions.VerifyStatusCode(Assertions.java:31)
	at Inbound_Testing.InboundTesting.C11_Writeoff(InboundTesting.java:349)
	at java.util.concurrent.ThreadPoolExecutor.runWorker(ThreadPoolExecutor.java:1149)
	at java.util.concurrent.ThreadPoolExecutor$Worker.run(ThreadPoolExecutor.java:624)
	at java.lang.Thread.run(Thread.java:748)
... Removed 17 stack frames
</div> <!-- stack-trace -->
                </div> <!-- method-content -->
              </div> <!-- method -->
              <div class="method">
                <div class="method-content">
                  <a name="P10_OnAccount">
                  </a> <!-- P10_OnAccount -->
                  <span class="method-name">P10_OnAccount</span>
                  <div class="stack-trace">java.lang.AssertionError: expected [200] but found [502]
	at com.simple.restassured.Assertions.VerifyStatusCode(Assertions.java:31)
	at Inbound_Testing.InboundTesting.P10_OnAccount(InboundTesting.java:130)
	at java.util.concurrent.ThreadPoolExecutor.runWorker(ThreadPoolExecutor.java:1149)
	at java.util.concurrent.ThreadPoolExecutor$Worker.run(ThreadPoolExecutor.java:624)
	at java.lang.Thread.run(Thread.java:748)
... Removed 17 stack frames
</div> <!-- stack-trace -->
                </div> <!-- method-content -->
              </div> <!-- method -->
              <div class="method">
                <div class="method-content">
                  <a name="P10_OverPayment">
                  </a> <!-- P10_OverPayment -->
                  <span class="method-name">P10_OverPayment</span>
                  <div class="stack-trace">java.lang.AssertionError: expected [200] but found [502]
	at com.simple.restassured.Assertions.VerifyStatusCode(Assertions.java:31)
	at Inbound_Testing.InboundTesting.P10_OverPayment(InboundTesting.java:148)
	at java.util.concurrent.ThreadPoolExecutor.runWorker(ThreadPoolExecutor.java:1149)
	at java.util.concurrent.ThreadPoolExecutor$Worker.run(ThreadPoolExecutor.java:624)
	at java.lang.Thread.run(Thread.java:748)
... Removed 17 stack frames
</div> <!-- stack-trace -->
                </div> <!-- method-content -->
              </div> <!-- method -->
              <div class="method">
                <div class="method-content">
                  <a name="P10_PerfectMatch">
                  </a> <!-- P10_PerfectMatch -->
                  <span class="method-name">P10_PerfectMatch</span>
                  <div class="stack-trace">java.lang.AssertionError: expected [200] but found [502]
	at com.simple.restassured.Assertions.VerifyStatusCode(Assertions.java:31)
	at Inbound_Testing.InboundTesting.P10_PerfectMatch(InboundTesting.java:166)
	at java.util.concurrent.ThreadPoolExecutor.runWorker(ThreadPoolExecutor.java:1149)
	at java.util.concurrent.ThreadPoolExecutor$Worker.run(ThreadPoolExecutor.java:624)
	at java.lang.Thread.run(Thread.java:748)
... Removed 17 stack frames
</div> <!-- stack-trace -->
                </div> <!-- method-content -->
              </div> <!-- method -->
              <div class="method">
                <div class="method-content">
                  <a name="P10_ShortPayment">
                  </a> <!-- P10_ShortPayment -->
                  <span class="method-name">P10_ShortPayment</span>
                  <div class="stack-trace">java.lang.IllegalArgumentException: body cannot be null
	at org.codehaus.groovy.runtime.callsite.ConstructorSite$ConstructorSiteNoUnwrap.callConstructor(ConstructorSite.java:84)
	at org.codehaus.groovy.runtime.callsite.AbstractCallSite.callConstructor(AbstractCallSite.java:277)
	at io.restassured.internal.common.assertion.AssertParameter.notNull(AssertParameter.groovy:26)
	at io.restassured.internal.common.assertion.AssertParameter$notNull.callStatic(Unknown Source)
	at io.restassured.internal.RequestSpecificationImpl.body(RequestSpecificationImpl.groovy:679)
	at com.simple.restassured.RestCalls.PostRequest(RestCalls.java:44)
	at Inbound_Testing.InboundTesting.P10_ShortPayment(InboundTesting.java:179)
	at java.util.concurrent.ThreadPoolExecutor.runWorker(ThreadPoolExecutor.java:1149)
	at java.util.concurrent.ThreadPoolExecutor$Worker.run(ThreadPoolExecutor.java:624)
	at java.lang.Thread.run(Thread.java:748)
... Removed 18 stack frames
</div> <!-- stack-trace -->
                </div> <!-- method-content -->
              </div> <!-- method -->
            </div> <!-- main-panel-content rounded-window-bottom -->
          </div> <!-- suite-InboundTesting-class-failed -->
          <div class="suite-InboundTesting-class-skipped">
            <div class="main-panel-header rounded-window-top">
              <img src="skipped.png"/>
              <span class="class-name">Inbound_Testing.InboundTesting</span>
            </div> <!-- main-panel-header rounded-window-top -->
            <div class="main-panel-content rounded-window-bottom">
              <div class="method">
                <div class="method-content">
                  <a name="C11_BankFee">
                  </a> <!-- C11_BankFee -->
                  <span class="method-name">C11_BankFee</span>
                  <div class="stack-trace">java.lang.AssertionError: expected [200] but found [502]
	at com.simple.restassured.Assertions.VerifyStatusCode(Assertions.java:31)
	at Inbound_Testing.InboundTesting.C11_BankFee(InboundTesting.java:276)
	at java.util.concurrent.ThreadPoolExecutor.runWorker(ThreadPoolExecutor.java:1149)
	at java.util.concurrent.ThreadPoolExecutor$Worker.run(ThreadPoolExecutor.java:624)
	at java.lang.Thread.run(Thread.java:748)
... Removed 17 stack frames
</div> <!-- stack-trace -->
                </div> <!-- method-content -->
              </div> <!-- method -->
              <div class="method">
                <div class="method-content">
                  <a name="C11_BankFee">
                  </a> <!-- C11_BankFee -->
                  <span class="method-name">C11_BankFee</span>
                  <div class="stack-trace">java.lang.AssertionError: expected [200] but found [502]
	at com.simple.restassured.Assertions.VerifyStatusCode(Assertions.java:31)
	at Inbound_Testing.InboundTesting.C11_BankFee(InboundTesting.java:276)
	at java.util.concurrent.ThreadPoolExecutor.runWorker(ThreadPoolExecutor.java:1149)
	at java.util.concurrent.ThreadPoolExecutor$Worker.run(ThreadPoolExecutor.java:624)
	at java.lang.Thread.run(Thread.java:748)
... Removed 17 stack frames
</div> <!-- stack-trace -->
                </div> <!-- method-content -->
              </div> <!-- method -->
              <div class="method">
                <div class="method-content">
                  <a name="C11_BankFee">
                  </a> <!-- C11_BankFee -->
                  <span class="method-name">C11_BankFee</span>
                  <div class="stack-trace">java.lang.AssertionError: expected [200] but found [502]
	at com.simple.restassured.Assertions.VerifyStatusCode(Assertions.java:31)
	at Inbound_Testing.InboundTesting.C11_BankFee(InboundTesting.java:276)
	at java.util.concurrent.ThreadPoolExecutor.runWorker(ThreadPoolExecutor.java:1149)
	at java.util.concurrent.ThreadPoolExecutor$Worker.run(ThreadPoolExecutor.java:624)
	at java.lang.Thread.run(Thread.java:748)
... Removed 17 stack frames
</div> <!-- stack-trace -->
                </div> <!-- method-content -->
              </div> <!-- method -->
              <div class="method">
                <div class="method-content">
                  <a name="C11_Deduction">
                  </a> <!-- C11_Deduction -->
                  <span class="method-name">C11_Deduction</span>
                  <div class="stack-trace">java.lang.AssertionError: expected [200] but found [502]
	at com.simple.restassured.Assertions.VerifyStatusCode(Assertions.java:31)
	at Inbound_Testing.InboundTesting.C11_Deduction(InboundTesting.java:294)
	at java.util.concurrent.ThreadPoolExecutor.runWorker(ThreadPoolExecutor.java:1149)
	at java.util.concurrent.ThreadPoolExecutor$Worker.run(ThreadPoolExecutor.java:624)
	at java.lang.Thread.run(Thread.java:748)
... Removed 17 stack frames
</div> <!-- stack-trace -->
                </div> <!-- method-content -->
              </div> <!-- method -->
              <div class="method">
                <div class="method-content">
                  <a name="C11_Deduction">
                  </a> <!-- C11_Deduction -->
                  <span class="method-name">C11_Deduction</span>
                  <div class="stack-trace">java.lang.AssertionError: expected [200] but found [502]
	at com.simple.restassured.Assertions.VerifyStatusCode(Assertions.java:31)
	at Inbound_Testing.InboundTesting.C11_Deduction(InboundTesting.java:294)
	at java.util.concurrent.ThreadPoolExecutor.runWorker(ThreadPoolExecutor.java:1149)
	at java.util.concurrent.ThreadPoolExecutor$Worker.run(ThreadPoolExecutor.java:624)
	at java.lang.Thread.run(Thread.java:748)
... Removed 17 stack frames
</div> <!-- stack-trace -->
                </div> <!-- method-content -->
              </div> <!-- method -->
              <div class="method">
                <div class="method-content">
                  <a name="C11_Deduction">
                  </a> <!-- C11_Deduction -->
                  <span class="method-name">C11_Deduction</span>
                  <div class="stack-trace">java.lang.AssertionError: expected [200] but found [502]
	at com.simple.restassured.Assertions.VerifyStatusCode(Assertions.java:31)
	at Inbound_Testing.InboundTesting.C11_Deduction(InboundTesting.java:294)
	at java.util.concurrent.ThreadPoolExecutor.runWorker(ThreadPoolExecutor.java:1149)
	at java.util.concurrent.ThreadPoolExecutor$Worker.run(ThreadPoolExecutor.java:624)
	at java.lang.Thread.run(Thread.java:748)
... Removed 17 stack frames
</div> <!-- stack-trace -->
                </div> <!-- method-content -->
              </div> <!-- method -->
              <div class="method">
                <div class="method-content">
                  <a name="C11_Discount">
                  </a> <!-- C11_Discount -->
                  <span class="method-name">C11_Discount</span>
                  <div class="stack-trace">java.lang.AssertionError: expected [200] but found [502]
	at com.simple.restassured.Assertions.VerifyStatusCode(Assertions.java:31)
	at Inbound_Testing.InboundTesting.C11_Discount(InboundTesting.java:312)
	at java.util.concurrent.ThreadPoolExecutor.runWorker(ThreadPoolExecutor.java:1149)
	at java.util.concurrent.ThreadPoolExecutor$Worker.run(ThreadPoolExecutor.java:624)
	at java.lang.Thread.run(Thread.java:748)
... Removed 17 stack frames
</div> <!-- stack-trace -->
                </div> <!-- method-content -->
              </div> <!-- method -->
              <div class="method">
                <div class="method-content">
                  <a name="C11_Discount">
                  </a> <!-- C11_Discount -->
                  <span class="method-name">C11_Discount</span>
                  <div class="stack-trace">java.lang.AssertionError: expected [200] but found [502]
	at com.simple.restassured.Assertions.VerifyStatusCode(Assertions.java:31)
	at Inbound_Testing.InboundTesting.C11_Discount(InboundTesting.java:312)
	at java.util.concurrent.ThreadPoolExecutor.runWorker(ThreadPoolExecutor.java:1149)
	at java.util.concurrent.ThreadPoolExecutor$Worker.run(ThreadPoolExecutor.java:624)
	at java.lang.Thread.run(Thread.java:748)
... Removed 17 stack frames
</div> <!-- stack-trace -->
                </div> <!-- method-content -->
              </div> <!-- method -->
              <div class="method">
                <div class="method-content">
                  <a name="C11_Discount">
                  </a> <!-- C11_Discount -->
                  <span class="method-name">C11_Discount</span>
                  <div class="stack-trace">java.lang.AssertionError: expected [200] but found [502]
	at com.simple.restassured.Assertions.VerifyStatusCode(Assertions.java:31)
	at Inbound_Testing.InboundTesting.C11_Discount(InboundTesting.java:312)
	at java.util.concurrent.ThreadPoolExecutor.runWorker(ThreadPoolExecutor.java:1149)
	at java.util.concurrent.ThreadPoolExecutor$Worker.run(ThreadPoolExecutor.java:624)
	at java.lang.Thread.run(Thread.java:748)
... Removed 17 stack frames
</div> <!-- stack-trace -->
                </div> <!-- method-content -->
              </div> <!-- method -->
              <div class="method">
                <div class="method-content">
                  <a name="C11_Sundry">
                  </a> <!-- C11_Sundry -->
                  <span class="method-name">C11_Sundry</span>
                  <div class="stack-trace">java.lang.AssertionError: expected [200] but found [502]
	at com.simple.restassured.Assertions.VerifyStatusCode(Assertions.java:31)
	at Inbound_Testing.InboundTesting.C11_Sundry(InboundTesting.java:330)
	at java.util.concurrent.ThreadPoolExecutor.runWorker(ThreadPoolExecutor.java:1149)
	at java.util.concurrent.ThreadPoolExecutor$Worker.run(ThreadPoolExecutor.java:624)
	at java.lang.Thread.run(Thread.java:748)
... Removed 17 stack frames
</div> <!-- stack-trace -->
                </div> <!-- method-content -->
              </div> <!-- method -->
              <div class="method">
                <div class="method-content">
                  <a name="C11_Sundry">
                  </a> <!-- C11_Sundry -->
                  <span class="method-name">C11_Sundry</span>
                  <div class="stack-trace">java.lang.AssertionError: expected [200] but found [502]
	at com.simple.restassured.Assertions.VerifyStatusCode(Assertions.java:31)
	at Inbound_Testing.InboundTesting.C11_Sundry(InboundTesting.java:330)
	at java.util.concurrent.ThreadPoolExecutor.runWorker(ThreadPoolExecutor.java:1149)
	at java.util.concurrent.ThreadPoolExecutor$Worker.run(ThreadPoolExecutor.java:624)
	at java.lang.Thread.run(Thread.java:748)
... Removed 17 stack frames
</div> <!-- stack-trace -->
                </div> <!-- method-content -->
              </div> <!-- method -->
              <div class="method">
                <div class="method-content">
                  <a name="C11_Sundry">
                  </a> <!-- C11_Sundry -->
                  <span class="method-name">C11_Sundry</span>
                  <div class="stack-trace">java.lang.AssertionError: expected [200] but found [502]
	at com.simple.restassured.Assertions.VerifyStatusCode(Assertions.java:31)
	at Inbound_Testing.InboundTesting.C11_Sundry(InboundTesting.java:330)
	at java.util.concurrent.ThreadPoolExecutor.runWorker(ThreadPoolExecutor.java:1149)
	at java.util.concurrent.ThreadPoolExecutor$Worker.run(ThreadPoolExecutor.java:624)
	at java.lang.Thread.run(Thread.java:748)
... Removed 17 stack frames
</div> <!-- stack-trace -->
                </div> <!-- method-content -->
              </div> <!-- method -->
              <div class="method">
                <div class="method-content">
                  <a name="C11_Writeoff">
                  </a> <!-- C11_Writeoff -->
                  <span class="method-name">C11_Writeoff</span>
                  <div class="stack-trace">java.lang.AssertionError: expected [200] but found [502]
	at com.simple.restassured.Assertions.VerifyStatusCode(Assertions.java:31)
	at Inbound_Testing.InboundTesting.C11_Writeoff(InboundTesting.java:349)
	at java.util.concurrent.ThreadPoolExecutor.runWorker(ThreadPoolExecutor.java:1149)
	at java.util.concurrent.ThreadPoolExecutor$Worker.run(ThreadPoolExecutor.java:624)
	at java.lang.Thread.run(Thread.java:748)
... Removed 17 stack frames
</div> <!-- stack-trace -->
                </div> <!-- method-content -->
              </div> <!-- method -->
              <div class="method">
                <div class="method-content">
                  <a name="C11_Writeoff">
                  </a> <!-- C11_Writeoff -->
                  <span class="method-name">C11_Writeoff</span>
                  <div class="stack-trace">java.lang.AssertionError: expected [200] but found [502]
	at com.simple.restassured.Assertions.VerifyStatusCode(Assertions.java:31)
	at Inbound_Testing.InboundTesting.C11_Writeoff(InboundTesting.java:349)
	at java.util.concurrent.ThreadPoolExecutor.runWorker(ThreadPoolExecutor.java:1149)
	at java.util.concurrent.ThreadPoolExecutor$Worker.run(ThreadPoolExecutor.java:624)
	at java.lang.Thread.run(Thread.java:748)
... Removed 17 stack frames
</div> <!-- stack-trace -->
                </div> <!-- method-content -->
              </div> <!-- method -->
              <div class="method">
                <div class="method-content">
                  <a name="C11_Writeoff">
                  </a> <!-- C11_Writeoff -->
                  <span class="method-name">C11_Writeoff</span>
                  <div class="stack-trace">java.lang.AssertionError: expected [200] but found [502]
	at com.simple.restassured.Assertions.VerifyStatusCode(Assertions.java:31)
	at Inbound_Testing.InboundTesting.C11_Writeoff(InboundTesting.java:349)
	at java.util.concurrent.ThreadPoolExecutor.runWorker(ThreadPoolExecutor.java:1149)
	at java.util.concurrent.ThreadPoolExecutor$Worker.run(ThreadPoolExecutor.java:624)
	at java.lang.Thread.run(Thread.java:748)
... Removed 17 stack frames
</div> <!-- stack-trace -->
                </div> <!-- method-content -->
              </div> <!-- method -->
              <div class="method">
                <div class="method-content">
                  <a name="P10_OnAccount">
                  </a> <!-- P10_OnAccount -->
                  <span class="method-name">P10_OnAccount</span>
                  <div class="stack-trace">java.lang.AssertionError: expected [200] but found [502]
	at com.simple.restassured.Assertions.VerifyStatusCode(Assertions.java:31)
	at Inbound_Testing.InboundTesting.P10_OnAccount(InboundTesting.java:130)
	at java.util.concurrent.ThreadPoolExecutor.runWorker(ThreadPoolExecutor.java:1149)
	at java.util.concurrent.ThreadPoolExecutor$Worker.run(ThreadPoolExecutor.java:624)
	at java.lang.Thread.run(Thread.java:748)
... Removed 17 stack frames
</div> <!-- stack-trace -->
                </div> <!-- method-content -->
              </div> <!-- method -->
              <div class="method">
                <div class="method-content">
                  <a name="P10_OnAccount">
                  </a> <!-- P10_OnAccount -->
                  <span class="method-name">P10_OnAccount</span>
                  <div class="stack-trace">java.lang.AssertionError: expected [200] but found [502]
	at com.simple.restassured.Assertions.VerifyStatusCode(Assertions.java:31)
	at Inbound_Testing.InboundTesting.P10_OnAccount(InboundTesting.java:130)
	at java.util.concurrent.ThreadPoolExecutor.runWorker(ThreadPoolExecutor.java:1149)
	at java.util.concurrent.ThreadPoolExecutor$Worker.run(ThreadPoolExecutor.java:624)
	at java.lang.Thread.run(Thread.java:748)
... Removed 17 stack frames
</div> <!-- stack-trace -->
                </div> <!-- method-content -->
              </div> <!-- method -->
              <div class="method">
                <div class="method-content">
                  <a name="P10_OnAccount">
                  </a> <!-- P10_OnAccount -->
                  <span class="method-name">P10_OnAccount</span>
                  <div class="stack-trace">java.lang.AssertionError: expected [200] but found [502]
	at com.simple.restassured.Assertions.VerifyStatusCode(Assertions.java:31)
	at Inbound_Testing.InboundTesting.P10_OnAccount(InboundTesting.java:130)
	at java.util.concurrent.ThreadPoolExecutor.runWorker(ThreadPoolExecutor.java:1149)
	at java.util.concurrent.ThreadPoolExecutor$Worker.run(ThreadPoolExecutor.java:624)
	at java.lang.Thread.run(Thread.java:748)
... Removed 17 stack frames
</div> <!-- stack-trace -->
                </div> <!-- method-content -->
              </div> <!-- method -->
              <div class="method">
                <div class="method-content">
                  <a name="P10_OverPayment">
                  </a> <!-- P10_OverPayment -->
                  <span class="method-name">P10_OverPayment</span>
                  <div class="stack-trace">java.lang.AssertionError: expected [200] but found [502]
	at com.simple.restassured.Assertions.VerifyStatusCode(Assertions.java:31)
	at Inbound_Testing.InboundTesting.P10_OverPayment(InboundTesting.java:148)
	at java.util.concurrent.ThreadPoolExecutor.runWorker(ThreadPoolExecutor.java:1149)
	at java.util.concurrent.ThreadPoolExecutor$Worker.run(ThreadPoolExecutor.java:624)
	at java.lang.Thread.run(Thread.java:748)
... Removed 17 stack frames
</div> <!-- stack-trace -->
                </div> <!-- method-content -->
              </div> <!-- method -->
              <div class="method">
                <div class="method-content">
                  <a name="P10_OverPayment">
                  </a> <!-- P10_OverPayment -->
                  <span class="method-name">P10_OverPayment</span>
                  <div class="stack-trace">java.lang.AssertionError: expected [200] but found [502]
	at com.simple.restassured.Assertions.VerifyStatusCode(Assertions.java:31)
	at Inbound_Testing.InboundTesting.P10_OverPayment(InboundTesting.java:148)
	at java.util.concurrent.ThreadPoolExecutor.runWorker(ThreadPoolExecutor.java:1149)
	at java.util.concurrent.ThreadPoolExecutor$Worker.run(ThreadPoolExecutor.java:624)
	at java.lang.Thread.run(Thread.java:748)
... Removed 17 stack frames
</div> <!-- stack-trace -->
                </div> <!-- method-content -->
              </div> <!-- method -->
              <div class="method">
                <div class="method-content">
                  <a name="P10_OverPayment">
                  </a> <!-- P10_OverPayment -->
                  <span class="method-name">P10_OverPayment</span>
                  <div class="stack-trace">java.lang.AssertionError: expected [200] but found [502]
	at com.simple.restassured.Assertions.VerifyStatusCode(Assertions.java:31)
	at Inbound_Testing.InboundTesting.P10_OverPayment(InboundTesting.java:148)
	at java.util.concurrent.ThreadPoolExecutor.runWorker(ThreadPoolExecutor.java:1149)
	at java.util.concurrent.ThreadPoolExecutor$Worker.run(ThreadPoolExecutor.java:624)
	at java.lang.Thread.run(Thread.java:748)
... Removed 17 stack frames
</div> <!-- stack-trace -->
                </div> <!-- method-content -->
              </div> <!-- method -->
              <div class="method">
                <div class="method-content">
                  <a name="P10_PerfectMatch">
                  </a> <!-- P10_PerfectMatch -->
                  <span class="method-name">P10_PerfectMatch</span>
                  <div class="stack-trace">java.lang.AssertionError: expected [200] but found [502]
	at com.simple.restassured.Assertions.VerifyStatusCode(Assertions.java:31)
	at Inbound_Testing.InboundTesting.P10_PerfectMatch(InboundTesting.java:166)
	at java.util.concurrent.ThreadPoolExecutor.runWorker(ThreadPoolExecutor.java:1149)
	at java.util.concurrent.ThreadPoolExecutor$Worker.run(ThreadPoolExecutor.java:624)
	at java.lang.Thread.run(Thread.java:748)
... Removed 17 stack frames
</div> <!-- stack-trace -->
                </div> <!-- method-content -->
              </div> <!-- method -->
              <div class="method">
                <div class="method-content">
                  <a name="P10_PerfectMatch">
                  </a> <!-- P10_PerfectMatch -->
                  <span class="method-name">P10_PerfectMatch</span>
                  <div class="stack-trace">java.lang.AssertionError: expected [200] but found [502]
	at com.simple.restassured.Assertions.VerifyStatusCode(Assertions.java:31)
	at Inbound_Testing.InboundTesting.P10_PerfectMatch(InboundTesting.java:166)
	at java.util.concurrent.ThreadPoolExecutor.runWorker(ThreadPoolExecutor.java:1149)
	at java.util.concurrent.ThreadPoolExecutor$Worker.run(ThreadPoolExecutor.java:624)
	at java.lang.Thread.run(Thread.java:748)
... Removed 17 stack frames
</div> <!-- stack-trace -->
                </div> <!-- method-content -->
              </div> <!-- method -->
              <div class="method">
                <div class="method-content">
                  <a name="P10_PerfectMatch">
                  </a> <!-- P10_PerfectMatch -->
                  <span class="method-name">P10_PerfectMatch</span>
                  <div class="stack-trace">java.lang.AssertionError: expected [200] but found [502]
	at com.simple.restassured.Assertions.VerifyStatusCode(Assertions.java:31)
	at Inbound_Testing.InboundTesting.P10_PerfectMatch(InboundTesting.java:166)
	at java.util.concurrent.ThreadPoolExecutor.runWorker(ThreadPoolExecutor.java:1149)
	at java.util.concurrent.ThreadPoolExecutor$Worker.run(ThreadPoolExecutor.java:624)
	at java.lang.Thread.run(Thread.java:748)
... Removed 17 stack frames
</div> <!-- stack-trace -->
                </div> <!-- method-content -->
              </div> <!-- method -->
              <div class="method">
                <div class="method-content">
                  <a name="P10_ShortPayment">
                  </a> <!-- P10_ShortPayment -->
                  <span class="method-name">P10_ShortPayment</span>
                  <div class="stack-trace">java.lang.IllegalArgumentException: body cannot be null
	at org.codehaus.groovy.runtime.callsite.ConstructorSite$ConstructorSiteNoUnwrap.callConstructor(ConstructorSite.java:84)
	at org.codehaus.groovy.runtime.callsite.AbstractCallSite.callConstructor(AbstractCallSite.java:277)
	at io.restassured.internal.common.assertion.AssertParameter.notNull(AssertParameter.groovy:26)
	at io.restassured.internal.common.assertion.AssertParameter$notNull.callStatic(Unknown Source)
	at io.restassured.internal.RequestSpecificationImpl.body(RequestSpecificationImpl.groovy:679)
	at com.simple.restassured.RestCalls.PostRequest(RestCalls.java:44)
	at Inbound_Testing.InboundTesting.P10_ShortPayment(InboundTesting.java:179)
	at java.util.concurrent.ThreadPoolExecutor.runWorker(ThreadPoolExecutor.java:1149)
	at java.util.concurrent.ThreadPoolExecutor$Worker.run(ThreadPoolExecutor.java:624)
	at java.lang.Thread.run(Thread.java:748)
... Removed 18 stack frames
</div> <!-- stack-trace -->
                </div> <!-- method-content -->
              </div> <!-- method -->
              <div class="method">
                <div class="method-content">
                  <a name="P10_ShortPayment">
                  </a> <!-- P10_ShortPayment -->
                  <span class="method-name">P10_ShortPayment</span>
                  <div class="stack-trace">java.lang.IllegalArgumentException: body cannot be null
	at org.codehaus.groovy.runtime.callsite.ConstructorSite$ConstructorSiteNoUnwrap.callConstructor(ConstructorSite.java:84)
	at org.codehaus.groovy.runtime.callsite.AbstractCallSite.callConstructor(AbstractCallSite.java:277)
	at io.restassured.internal.common.assertion.AssertParameter.notNull(AssertParameter.groovy:26)
	at io.restassured.internal.common.assertion.AssertParameter$notNull.callStatic(Unknown Source)
	at io.restassured.internal.RequestSpecificationImpl.body(RequestSpecificationImpl.groovy:679)
	at com.simple.restassured.RestCalls.PostRequest(RestCalls.java:44)
	at Inbound_Testing.InboundTesting.P10_ShortPayment(InboundTesting.java:179)
	at java.util.concurrent.ThreadPoolExecutor.runWorker(ThreadPoolExecutor.java:1149)
	at java.util.concurrent.ThreadPoolExecutor$Worker.run(ThreadPoolExecutor.java:624)
	at java.lang.Thread.run(Thread.java:748)
... Removed 18 stack frames
</div> <!-- stack-trace -->
                </div> <!-- method-content -->
              </div> <!-- method -->
              <div class="method">
                <div class="method-content">
                  <a name="P10_ShortPayment">
                  </a> <!-- P10_ShortPayment -->
                  <span class="method-name">P10_ShortPayment</span>
                  <div class="stack-trace">java.lang.IllegalArgumentException: body cannot be null
	at org.codehaus.groovy.runtime.callsite.ConstructorSite$ConstructorSiteNoUnwrap.callConstructor(ConstructorSite.java:84)
	at org.codehaus.groovy.runtime.callsite.CallSiteArray.defaultCallConstructor(CallSiteArray.java:59)
	at org.codehaus.groovy.runtime.callsite.AbstractCallSite.callConstructor(AbstractCallSite.java:263)
	at org.codehaus.groovy.runtime.callsite.AbstractCallSite.callConstructor(AbstractCallSite.java:277)
	at io.restassured.internal.common.assertion.AssertParameter.notNull(AssertParameter.groovy:26)
	at io.restassured.internal.common.assertion.AssertParameter$notNull.callStatic(Unknown Source)
	at org.codehaus.groovy.runtime.callsite.CallSiteArray.defaultCallStatic(CallSiteArray.java:55)
	at io.restassured.internal.common.assertion.AssertParameter$notNull.callStatic(Unknown Source)
	at io.restassured.internal.RequestSpecificationImpl.body(RequestSpecificationImpl.groovy:679)
	at com.simple.restassured.RestCalls.PostRequest(RestCalls.java:44)
	at Inbound_Testing.InboundTesting.P10_ShortPayment(InboundTesting.java:179)
	at java.util.concurrent.ThreadPoolExecutor.runWorker(ThreadPoolExecutor.java:1149)
	at java.util.concurrent.ThreadPoolExecutor$Worker.run(ThreadPoolExecutor.java:624)
	at java.lang.Thread.run(Thread.java:748)
... Removed 18 stack frames
</div> <!-- stack-trace -->
                </div> <!-- method-content -->
              </div> <!-- method -->
            </div> <!-- main-panel-content rounded-window-bottom -->
          </div> <!-- suite-InboundTesting-class-skipped -->
          <div class="suite-InboundTesting-class-passed">
            <div class="main-panel-header rounded-window-top">
              <img src="passed.png"/>
              <span class="class-name">Inbound_Testing.InboundTesting</span>
            </div> <!-- main-panel-header rounded-window-top -->
            <div class="main-panel-content rounded-window-bottom">
              <div class="method">
                <div class="method-content">
                  <a name="C11_OnAccount">
                  </a> <!-- C11_OnAccount -->
                  <span class="method-name">C11_OnAccount</span>
                </div> <!-- method-content -->
              </div> <!-- method -->
              <div class="method">
                <div class="method-content">
                  <a name="C11_OverPayment">
                  </a> <!-- C11_OverPayment -->
                  <span class="method-name">C11_OverPayment</span>
                </div> <!-- method-content -->
              </div> <!-- method -->
              <div class="method">
                <div class="method-content">
                  <a name="C11_PerfectMatch">
                  </a> <!-- C11_PerfectMatch -->
                  <span class="method-name">C11_PerfectMatch</span>
                </div> <!-- method-content -->
              </div> <!-- method -->
              <div class="method">
                <div class="method-content">
                  <a name="C11_ShortPayment">
                  </a> <!-- C11_ShortPayment -->
                  <span class="method-name">C11_ShortPayment</span>
                </div> <!-- method-content -->
              </div> <!-- method -->
              <div class="method">
                <div class="method-content">
                  <a name="P10_BankFee">
                  </a> <!-- P10_BankFee -->
                  <span class="method-name">P10_BankFee</span>
                </div> <!-- method-content -->
              </div> <!-- method -->
              <div class="method">
                <div class="method-content">
                  <a name="P10_Deduction">
                  </a> <!-- P10_Deduction -->
                  <span class="method-name">P10_Deduction</span>
                </div> <!-- method-content -->
              </div> <!-- method -->
              <div class="method">
                <div class="method-content">
                  <a name="P10_Discount">
                  </a> <!-- P10_Discount -->
                  <span class="method-name">P10_Discount</span>
                </div> <!-- method-content -->
              </div> <!-- method -->
              <div class="method">
                <div class="method-content">
                  <a name="P10_Sundry">
                  </a> <!-- P10_Sundry -->
                  <span class="method-name">P10_Sundry</span>
                </div> <!-- method-content -->
              </div> <!-- method -->
              <div class="method">
                <div class="method-content">
                  <a name="P10_WriteOff">
                  </a> <!-- P10_WriteOff -->
                  <span class="method-name">P10_WriteOff</span>
                </div> <!-- method-content -->
              </div> <!-- method -->
            </div> <!-- main-panel-content rounded-window-bottom -->
          </div> <!-- suite-InboundTesting-class-passed -->
        </div> <!-- panel InboundTesting -->
        <div panel-name="test-xml-InboundTesting" class="panel">
          <div class="main-panel-header rounded-window-top">
            <span class="header-content">C:\Rest Assured Framework\workspace\simple.restassured\testng.xml</span>
          </div> <!-- main-panel-header rounded-window-top -->
          <div class="main-panel-content rounded-window-bottom">
            <pre>
&lt;?xml version=&quot;1.0&quot; encoding=&quot;UTF-8&quot;?&gt;
&lt;!DOCTYPE suite SYSTEM &quot;https://testng.org/testng-1.0.dtd&quot;&gt;
&lt;suite thread-count=&quot;1&quot; guice-stage=&quot;DEVELOPMENT&quot; verbose=&quot;0&quot; name=&quot;InboundTesting&quot; parallel=&quot;methods&quot;&gt;
  &lt;listeners&gt;
    &lt;listener class-name=&quot;com.simple.restassured.ExtentReporterNG&quot;/&gt;
    &lt;listener class-name=&quot;executeFailedTestCases.transformation&quot;/&gt;
  &lt;/listeners&gt;
  &lt;test thread-count=&quot;1&quot; verbose=&quot;0&quot; name=&quot;perfectMatch&quot; parallel=&quot;methods&quot;&gt;
    &lt;classes&gt;
      &lt;class name=&quot;Inbound_Testing.InboundTesting&quot;/&gt;
    &lt;/classes&gt;
  &lt;/test&gt; &lt;!-- perfectMatch --&gt;
&lt;/suite&gt; &lt;!-- InboundTesting --&gt;
            </pre>
          </div> <!-- main-panel-content rounded-window-bottom -->
        </div> <!-- panel -->
        <div panel-name="testlist-InboundTesting" class="panel">
          <div class="main-panel-header rounded-window-top">
            <span class="header-content">Tests for InboundTesting</span>
          </div> <!-- main-panel-header rounded-window-top -->
          <div class="main-panel-content rounded-window-bottom">
            <ul>
              <li>
                <span class="test-name">perfectMatch (1 class)</span>
              </li>
            </ul>
          </div> <!-- main-panel-content rounded-window-bottom -->
        </div> <!-- panel -->
        <div panel-name="group-InboundTesting" class="panel">
          <div class="main-panel-header rounded-window-top">
            <span class="header-content">Groups for InboundTesting</span>
          </div> <!-- main-panel-header rounded-window-top -->
          <div class="main-panel-content rounded-window-bottom">
          </div> <!-- main-panel-content rounded-window-bottom -->
        </div> <!-- panel -->
        <div panel-name="times-InboundTesting" class="panel">
          <div class="main-panel-header rounded-window-top">
            <span class="header-content">Times for InboundTesting</span>
          </div> <!-- main-panel-header rounded-window-top -->
          <div class="main-panel-content rounded-window-bottom">
            <div class="times-div">
              <script type="text/javascript">
suiteTableInitFunctions.push('tableData_InboundTesting');
function tableData_InboundTesting() {
var data = new google.visualization.DataTable();
data.addColumn('number', 'Number');
data.addColumn('string', 'Method');
data.addColumn('string', 'Class');
data.addColumn('number', 'Time (ms)');
data.addRows(45);
data.setCell(0, 0, 0)
data.setCell(0, 1, 'C11_PerfectMatch')
data.setCell(0, 2, 'Inbound_Testing.InboundTesting')
data.setCell(0, 3, 10954);
data.setCell(1, 0, 1)
data.setCell(1, 1, 'C11_OnAccount')
data.setCell(1, 2, 'Inbound_Testing.InboundTesting')
data.setCell(1, 3, 10047);
data.setCell(2, 0, 2)
data.setCell(2, 1, 'C11_BankFee')
data.setCell(2, 2, 'Inbound_Testing.InboundTesting')
data.setCell(2, 3, 8408);
data.setCell(3, 0, 3)
data.setCell(3, 1, 'C11_Writeoff')
data.setCell(3, 2, 'Inbound_Testing.InboundTesting')
data.setCell(3, 3, 4470);
data.setCell(4, 0, 4)
data.setCell(4, 1, 'P10_Sundry')
data.setCell(4, 2, 'Inbound_Testing.InboundTesting')
data.setCell(4, 3, 4346);
data.setCell(5, 0, 5)
data.setCell(5, 1, 'P10_Discount')
data.setCell(5, 2, 'Inbound_Testing.InboundTesting')
data.setCell(5, 3, 4223);
data.setCell(6, 0, 6)
data.setCell(6, 1, 'P10_OverPayment')
data.setCell(6, 2, 'Inbound_Testing.InboundTesting')
data.setCell(6, 3, 4108);
data.setCell(7, 0, 7)
data.setCell(7, 1, 'C11_Sundry')
data.setCell(7, 2, 'Inbound_Testing.InboundTesting')
data.setCell(7, 3, 4082);
data.setCell(8, 0, 8)
data.setCell(8, 1, 'P10_Deduction')
data.setCell(8, 2, 'Inbound_Testing.InboundTesting')
data.setCell(8, 3, 3900);
data.setCell(9, 0, 9)
data.setCell(9, 1, 'C11_Discount')
data.setCell(9, 2, 'Inbound_Testing.InboundTesting')
data.setCell(9, 3, 3873);
data.setCell(10, 0, 10)
data.setCell(10, 1, 'C11_Deduction')
data.setCell(10, 2, 'Inbound_Testing.InboundTesting')
data.setCell(10, 3, 3849);
data.setCell(11, 0, 11)
data.setCell(11, 1, 'C11_ShortPayment')
data.setCell(11, 2, 'Inbound_Testing.InboundTesting')
data.setCell(11, 3, 3784);
data.setCell(12, 0, 12)
data.setCell(12, 1, 'C11_Writeoff')
data.setCell(12, 2, 'Inbound_Testing.InboundTesting')
data.setCell(12, 3, 3750);
data.setCell(13, 0, 13)
data.setCell(13, 1, 'P10_BankFee')
data.setCell(13, 2, 'Inbound_Testing.InboundTesting')
data.setCell(13, 3, 3521);
data.setCell(14, 0, 14)
data.setCell(14, 1, 'C11_Discount')
data.setCell(14, 2, 'Inbound_Testing.InboundTesting')
data.setCell(14, 3, 3360);
data.setCell(15, 0, 15)
data.setCell(15, 1, 'C11_Writeoff')
data.setCell(15, 2, 'Inbound_Testing.InboundTesting')
data.setCell(15, 3, 3347);
data.setCell(16, 0, 16)
data.setCell(16, 1, 'C11_Deduction')
data.setCell(16, 2, 'Inbound_Testing.InboundTesting')
data.setCell(16, 3, 3336);
data.setCell(17, 0, 17)
data.setCell(17, 1, 'C11_Sundry')
data.setCell(17, 2, 'Inbound_Testing.InboundTesting')
data.setCell(17, 3, 3316);
data.setCell(18, 0, 18)
data.setCell(18, 1, 'P10_OverPayment')
data.setCell(18, 2, 'Inbound_Testing.InboundTesting')
data.setCell(18, 3, 3299);
data.setCell(19, 0, 19)
data.setCell(19, 1, 'C11_BankFee')
data.setCell(19, 2, 'Inbound_Testing.InboundTesting')
data.setCell(19, 3, 3144);
data.setCell(20, 0, 20)
data.setCell(20, 1, 'C11_OverPayment')
data.setCell(20, 2, 'Inbound_Testing.InboundTesting')
data.setCell(20, 3, 3055);
data.setCell(21, 0, 21)
data.setCell(21, 1, 'C11_Discount')
data.setCell(21, 2, 'Inbound_Testing.InboundTesting')
data.setCell(21, 3, 2986);
data.setCell(22, 0, 22)
data.setCell(22, 1, 'P10_PerfectMatch')
data.setCell(22, 2, 'Inbound_Testing.InboundTesting')
data.setCell(22, 3, 2921);
data.setCell(23, 0, 23)
data.setCell(23, 1, 'C11_BankFee')
data.setCell(23, 2, 'Inbound_Testing.InboundTesting')
data.setCell(23, 3, 2900);
data.setCell(24, 0, 24)
data.setCell(24, 1, 'P10_OnAccount')
data.setCell(24, 2, 'Inbound_Testing.InboundTesting')
data.setCell(24, 3, 2834);
data.setCell(25, 0, 25)
data.setCell(25, 1, 'P10_OverPayment')
data.setCell(25, 2, 'Inbound_Testing.InboundTesting')
data.setCell(25, 3, 2812);
data.setCell(26, 0, 26)
data.setCell(26, 1, 'C11_Sundry')
data.setCell(26, 2, 'Inbound_Testing.InboundTesting')
data.setCell(26, 3, 2811);
data.setCell(27, 0, 27)
data.setCell(27, 1, 'P10_WriteOff')
data.setCell(27, 2, 'Inbound_Testing.InboundTesting')
data.setCell(27, 3, 2518);
data.setCell(28, 0, 28)
data.setCell(28, 1, 'C11_BankFee')
data.setCell(28, 2, 'Inbound_Testing.InboundTesting')
data.setCell(28, 3, 2384);
data.setCell(29, 0, 29)
data.setCell(29, 1, 'C11_Deduction')
data.setCell(29, 2, 'Inbound_Testing.InboundTesting')
data.setCell(29, 3, 2369);
data.setCell(30, 0, 30)
data.setCell(30, 1, 'C11_Discount')
data.setCell(30, 2, 'Inbound_Testing.InboundTesting')
data.setCell(30, 3, 2350);
data.setCell(31, 0, 31)
data.setCell(31, 1, 'P10_PerfectMatch')
data.setCell(31, 2, 'Inbound_Testing.InboundTesting')
data.setCell(31, 3, 2337);
data.setCell(32, 0, 32)
data.setCell(32, 1, 'C11_Deduction')
data.setCell(32, 2, 'Inbound_Testing.InboundTesting')
data.setCell(32, 3, 2336);
data.setCell(33, 0, 33)
data.setCell(33, 1, 'C11_Writeoff')
data.setCell(33, 2, 'Inbound_Testing.InboundTesting')
data.setCell(33, 3, 2307);
data.setCell(34, 0, 34)
data.setCell(34, 1, 'P10_OverPayment')
data.setCell(34, 2, 'Inbound_Testing.InboundTesting')
data.setCell(34, 3, 2282);
data.setCell(35, 0, 35)
data.setCell(35, 1, 'P10_OnAccount')
data.setCell(35, 2, 'Inbound_Testing.InboundTesting')
data.setCell(35, 3, 2276);
data.setCell(36, 0, 36)
data.setCell(36, 1, 'P10_OnAccount')
data.setCell(36, 2, 'Inbound_Testing.InboundTesting')
data.setCell(36, 3, 2246);
data.setCell(37, 0, 37)
data.setCell(37, 1, 'P10_OnAccount')
data.setCell(37, 2, 'Inbound_Testing.InboundTesting')
data.setCell(37, 3, 1866);
data.setCell(38, 0, 38)
data.setCell(38, 1, 'P10_PerfectMatch')
data.setCell(38, 2, 'Inbound_Testing.InboundTesting')
data.setCell(38, 3, 1768);
data.setCell(39, 0, 39)
data.setCell(39, 1, 'P10_PerfectMatch')
data.setCell(39, 2, 'Inbound_Testing.InboundTesting')
data.setCell(39, 3, 1767);
data.setCell(40, 0, 40)
data.setCell(40, 1, 'C11_Sundry')
data.setCell(40, 2, 'Inbound_Testing.InboundTesting')
data.setCell(40, 3, 1755);
data.setCell(41, 0, 41)
data.setCell(41, 1, 'P10_ShortPayment')
data.setCell(41, 2, 'Inbound_Testing.InboundTesting')
data.setCell(41, 3, 1141);
data.setCell(42, 0, 42)
data.setCell(42, 1, 'P10_ShortPayment')
data.setCell(42, 2, 'Inbound_Testing.InboundTesting')
data.setCell(42, 3, 6);
data.setCell(43, 0, 43)
data.setCell(43, 1, 'P10_ShortPayment')
data.setCell(43, 2, 'Inbound_Testing.InboundTesting')
data.setCell(43, 3, 5);
data.setCell(44, 0, 44)
data.setCell(44, 1, 'P10_ShortPayment')
data.setCell(44, 2, 'Inbound_Testing.InboundTesting')
data.setCell(44, 3, 4);
window.suiteTableData['InboundTesting']= { tableData: data, tableDiv: 'times-div-InboundTesting'}
return data;
}
              </script>
              <span class="suite-total-time">Total running time: 2 minutes</span>
              <div id="times-div-InboundTesting">
              </div> <!-- times-div-InboundTesting -->
            </div> <!-- times-div -->
          </div> <!-- main-panel-content rounded-window-bottom -->
        </div> <!-- panel -->
        <div panel-name="reporter-InboundTesting" class="panel">
          <div class="main-panel-header rounded-window-top">
            <span class="header-content">Reporter output for InboundTesting</span>
          </div> <!-- main-panel-header rounded-window-top -->
          <div class="main-panel-content rounded-window-bottom">
          </div> <!-- main-panel-content rounded-window-bottom -->
        </div> <!-- panel -->
        <div panel-name="ignored-methods-InboundTesting" class="panel">
          <div class="main-panel-header rounded-window-top">
            <span class="header-content">0 ignored methods</span>
          </div> <!-- main-panel-header rounded-window-top -->
          <div class="main-panel-content rounded-window-bottom">
          </div> <!-- main-panel-content rounded-window-bottom -->
        </div> <!-- panel -->
        <div panel-name="chronological-InboundTesting" class="panel">
          <div class="main-panel-header rounded-window-top">
            <span class="header-content">Methods in chronological order</span>
          </div> <!-- main-panel-header rounded-window-top -->
          <div class="main-panel-content rounded-window-bottom">
            <div class="chronological-class">
              <div class="chronological-class-name">Inbound_Testing.InboundTesting</div> <!-- chronological-class-name -->
              <div class="test-method">
                <span class="method-name">C11_BankFee</span>
                <span class="method-start">0 ms</span>
              </div> <!-- test-method -->
              <div class="test-method">
                <span class="method-name">C11_BankFee</span>
                <span class="method-start">8412 ms</span>
              </div> <!-- test-method -->
              <div class="test-method">
                <span class="method-name">C11_BankFee</span>
                <span class="method-start">11312 ms</span>
              </div> <!-- test-method -->
              <div class="test-method">
                <img src="failed.png">
                </img>
                <span class="method-name">C11_BankFee</span>
                <span class="method-start">13696 ms</span>
              </div> <!-- test-method -->
              <div class="test-method">
                <span class="method-name">C11_Deduction</span>
                <span class="method-start">16841 ms</span>
              </div> <!-- test-method -->
              <div class="test-method">
                <span class="method-name">C11_Deduction</span>
                <span class="method-start">20690 ms</span>
              </div> <!-- test-method -->
              <div class="test-method">
                <span class="method-name">C11_Deduction</span>
                <span class="method-start">23026 ms</span>
              </div> <!-- test-method -->
              <div class="test-method">
                <img src="failed.png">
                </img>
                <span class="method-name">C11_Deduction</span>
                <span class="method-start">26363 ms</span>
              </div> <!-- test-method -->
              <div class="test-method">
                <span class="method-name">C11_Discount</span>
                <span class="method-start">28733 ms</span>
              </div> <!-- test-method -->
              <div class="test-method">
                <span class="method-name">C11_Discount</span>
                <span class="method-start">31083 ms</span>
              </div> <!-- test-method -->
              <div class="test-method">
                <span class="method-name">C11_Discount</span>
                <span class="method-start">34069 ms</span>
              </div> <!-- test-method -->
              <div class="test-method">
                <img src="failed.png">
                </img>
                <span class="method-name">C11_Discount</span>
                <span class="method-start">37430 ms</span>
              </div> <!-- test-method -->
              <div class="test-method">
                <span class="method-name">C11_OnAccount</span>
                <span class="method-start">41304 ms</span>
              </div> <!-- test-method -->
              <div class="test-method">
                <span class="method-name">C11_OverPayment</span>
                <span class="method-start">51351 ms</span>
              </div> <!-- test-method -->
              <div class="test-method">
                <span class="method-name">C11_PerfectMatch</span>
                <span class="method-start">54406 ms</span>
              </div> <!-- test-method -->
              <div class="test-method">
                <span class="method-name">C11_ShortPayment</span>
                <span class="method-start">65360 ms</span>
              </div> <!-- test-method -->
              <div class="test-method">
                <span class="method-name">C11_Sundry</span>
                <span class="method-start">69145 ms</span>
              </div> <!-- test-method -->
              <div class="test-method">
                <span class="method-name">C11_Sundry</span>
                <span class="method-start">70900 ms</span>
              </div> <!-- test-method -->
              <div class="test-method">
                <span class="method-name">C11_Sundry</span>
                <span class="method-start">74216 ms</span>
              </div> <!-- test-method -->
              <div class="test-method">
                <img src="failed.png">
                </img>
                <span class="method-name">C11_Sundry</span>
                <span class="method-start">77027 ms</span>
              </div> <!-- test-method -->
              <div class="test-method">
                <span class="method-name">C11_Writeoff</span>
                <span class="method-start">81110 ms</span>
              </div> <!-- test-method -->
              <div class="test-method">
                <span class="method-name">C11_Writeoff</span>
                <span class="method-start">84458 ms</span>
              </div> <!-- test-method -->
              <div class="test-method">
                <span class="method-name">C11_Writeoff</span>
                <span class="method-start">86766 ms</span>
              </div> <!-- test-method -->
              <div class="test-method">
                <img src="failed.png">
                </img>
                <span class="method-name">C11_Writeoff</span>
                <span class="method-start">90516 ms</span>
              </div> <!-- test-method -->
              <div class="test-method">
                <span class="method-name">P10_BankFee</span>
                <span class="method-start">94987 ms</span>
              </div> <!-- test-method -->
              <div class="test-method">
                <span class="method-name">P10_Deduction</span>
                <span class="method-start">98509 ms</span>
              </div> <!-- test-method -->
              <div class="test-method">
                <span class="method-name">P10_Discount</span>
                <span class="method-start">102410 ms</span>
              </div> <!-- test-method -->
              <div class="test-method">
                <span class="method-name">P10_OnAccount</span>
                <span class="method-start">106633 ms</span>
              </div> <!-- test-method -->
              <div class="test-method">
                <span class="method-name">P10_OnAccount</span>
                <span class="method-start">109467 ms</span>
              </div> <!-- test-method -->
              <div class="test-method">
                <span class="method-name">P10_OnAccount</span>
                <span class="method-start">111713 ms</span>
              </div> <!-- test-method -->
              <div class="test-method">
                <img src="failed.png">
                </img>
                <span class="method-name">P10_OnAccount</span>
                <span class="method-start">113989 ms</span>
              </div> <!-- test-method -->
              <div class="test-method">
                <span class="method-name">P10_OverPayment</span>
                <span class="method-start">115856 ms</span>
              </div> <!-- test-method -->
              <div class="test-method">
                <span class="method-name">P10_OverPayment</span>
                <span class="method-start">119964 ms</span>
              </div> <!-- test-method -->
              <div class="test-method">
                <span class="method-name">P10_OverPayment</span>
                <span class="method-start">123263 ms</span>
              </div> <!-- test-method -->
              <div class="test-method">
                <img src="failed.png">
                </img>
                <span class="method-name">P10_OverPayment</span>
                <span class="method-start">125546 ms</span>
              </div> <!-- test-method -->
              <div class="test-method">
                <span class="method-name">P10_PerfectMatch</span>
                <span class="method-start">128359 ms</span>
              </div> <!-- test-method -->
              <div class="test-method">
                <span class="method-name">P10_PerfectMatch</span>
                <span class="method-start">131280 ms</span>
              </div> <!-- test-method -->
              <div class="test-method">
                <span class="method-name">P10_PerfectMatch</span>
                <span class="method-start">133047 ms</span>
              </div> <!-- test-method -->
              <div class="test-method">
                <img src="failed.png">
                </img>
                <span class="method-name">P10_PerfectMatch</span>
                <span class="method-start">134815 ms</span>
              </div> <!-- test-method -->
              <div class="test-method">
                <span class="method-name">P10_ShortPayment</span>
                <span class="method-start">137153 ms</span>
              </div> <!-- test-method -->
              <div class="test-method">
                <span class="method-name">P10_ShortPayment</span>
                <span class="method-start">138294 ms</span>
              </div> <!-- test-method -->
              <div class="test-method">
                <span class="method-name">P10_ShortPayment</span>
                <span class="method-start">138300 ms</span>
              </div> <!-- test-method -->
              <div class="test-method">
                <img src="failed.png">
                </img>
                <span class="method-name">P10_ShortPayment</span>
                <span class="method-start">138305 ms</span>
              </div> <!-- test-method -->
              <div class="test-method">
                <span class="method-name">P10_Sundry</span>
                <span class="method-start">138309 ms</span>
              </div> <!-- test-method -->
              <div class="test-method">
                <span class="method-name">P10_WriteOff</span>
                <span class="method-start">142661 ms</span>
              </div> <!-- test-method -->
          </div> <!-- main-panel-content rounded-window-bottom -->
        </div> <!-- panel -->
      </div> <!-- main-panel-root -->
    </div> <!-- wrapper -->
  </body>
</html>
